#
# A fatal error has been detected by the Java Runtime Environment:
#
#  EXCEPTION_ACCESS_VIOLATION (0xc0000005) at pc=0x00007ffd7e44bc46, pid=2896, tid=3988
#
# JRE version: OpenJDK Runtime Environment (17.0.6) (build 17.0.6+0-b2043.56-10027231)
# Java VM: OpenJDK 64-Bit Server VM (17.0.6+0-b2043.56-10027231, mixed mode, tiered, compressed oops, compressed class ptrs, g1 gc, windows-amd64)
# Problematic frame:
# V  [jvm.dll+0x58bc46]
#
# No core dump will be written. Minidumps are not enabled by default on client versions of Windows
#
# If you would like to submit a bug report, please visit:
#   https://bugreport.java.com/bugreport/crash.jsp
#

---------------  S U M M A R Y ------------

Command Line: --add-opens=java.base/java.util=ALL-UNNAMED --add-opens=java.base/java.lang=ALL-UNNAMED --add-opens=java.base/java.lang.invoke=ALL-UNNAMED --add-opens=java.base/java.util=ALL-UNNAMED --add-opens=java.prefs/java.util.prefs=ALL-UNNAMED --add-opens=java.prefs/java.util.prefs=ALL-UNNAMED --add-opens=java.base/java.nio.charset=ALL-UNNAMED --add-opens=java.base/java.net=ALL-UNNAMED --add-opens=java.base/java.util.concurrent.atomic=ALL-UNNAMED -Xmx2048m -Dfile.encoding=UTF-8 -Duser.country=RU -Duser.language=ru -Duser.variant org.gradle.launcher.daemon.bootstrap.GradleDaemon 7.5

Host: AMD Ryzen 5 1500X Quad-Core Processor          , 8 cores, 15G,  Windows 11 , 64 bit Build 22000 (10.0.22000.613)
Time: Thu Oct 12 18:16:12 2023 RTZ 2 (s 11 , 64 bit Build 22000 (10.0.22000.613) elapsed time: 10.838395 seconds (0d 0h 0m 10s)

---------------  T H R E A D  ---------------

Current thread (0x0000016a9f798bf0):  JavaThread "C2 CompilerThread1" daemon [_thread_in_native, id=3988, stack(0x0000001284900000,0x0000001284a00000)]


Current CompileTask:
C2:  10838 9082       4       org.gradle.internal.instantiation.generator.AbstractClassGenerator::inspectType (560 bytes)

Stack: [0x0000001284900000,0x0000001284a00000],  sp=0x00000012849fa320,  free space=1000k
Native frames: (J=compiled Java code, j=interpreted, Vv=VM code, C=native code)
V  [jvm.dll+0x58bc46]
V  [jvm.dll+0x589f77]
V  [jvm.dll+0x2243b2]
V  [jvm.dll+0x22478f]
V  [jvm.dll+0x21e055]
V  [jvm.dll+0x21b51b]
V  [jvm.dll+0x1a4fdd]
V  [jvm.dll+0x22b098]
V  [jvm.dll+0x229159]
V  [jvm.dll+0x7f81ec]
V  [jvm.dll+0x7f274a]
V  [jvm.dll+0x682ad5]
C  [ucrtbase.dll+0x26c0c]
C  [KERNEL32.DLL+0x154e0]
C  [ntdll.dll+0x485b]


siginfo: EXCEPTION_ACCESS_VIOLATION (0xc0000005), reading address 0x0000016d2a0e1800


Register to memory mapping:

RIP=0x00007ffd7e44bc46 jvm.dll
RAX=0x0000016aa1c3dd28 points into unknown readable memory: 0x0000016aa041da18 | 18 da 41 a0 6a 01 00 00
RBX=0x000000000000013f is an unknown value
RCX=0x00000000a041da18 is an unallocated location in the heap
RDX=0x0000016a9f853df0 points into unknown readable memory: 0x0000016aa1c3dd28 | 28 dd c3 a1 6a 01 00 00
RSP=0x00000012849fa320 is pointing into the stack for thread: 0x0000016a9f798bf0
RBP=0x0000000000000193 is an unknown value
RSI=0x0000000000000192 is an unknown value
RDI=0x000000000000179e is an unknown value
R8 =0x0000016a9f853df8 points into unknown readable memory: 0x0000016aa1c3dd28 | 28 dd c3 a1 6a 01 00 00
R9 =0x0000016aa906afa0 points into unknown readable memory: 0x0000000000000002 | 02 00 00 00 00 00 00 00
R10=0x0000000000000001 is an unknown value
R11=0x0000016aa1bfb1b0 points into unknown readable memory: 0x0000016aa041d990 | 90 d9 41 a0 6a 01 00 00
R12=0x0 is NULL
R13=0x00000012849fa700 is pointing into the stack for thread: 0x0000016a9f798bf0
R14=0x0000016aa1bfb1b0 points into unknown readable memory: 0x0000016aa041d990 | 90 d9 41 a0 6a 01 00 00
R15=0x0000016a9f853aa0 points into unknown readable memory: 0x00007ffd7e7e5e08 | 08 5e 7e 7e fd 7f 00 00


Registers:
RAX=0x0000016aa1c3dd28, RBX=0x000000000000013f, RCX=0x00000000a041da18, RDX=0x0000016a9f853df0
RSP=0x00000012849fa320, RBP=0x0000000000000193, RSI=0x0000000000000192, RDI=0x000000000000179e
R8 =0x0000016a9f853df8, R9 =0x0000016aa906afa0, R10=0x0000000000000001, R11=0x0000016aa1bfb1b0
R12=0x0000000000000000, R13=0x00000012849fa700, R14=0x0000016aa1bfb1b0, R15=0x0000016a9f853aa0
RIP=0x00007ffd7e44bc46, EFLAGS=0x0000000000010293

Top of Stack: (sp=0x00000012849fa320)
0x00000012849fa320:   00000012849fa700 00000012849fa480
0x00000012849fa330:   0000016a9f5dc310 00007ffd7e520dec
0x00000012849fa340:   0000000000000000 0000000000000000
0x00000012849fa350:   00000000000f3f10 0000016aa3c85d08
0x00000012849fa360:   0000000000003427 0000016a9f5dc310
0x00000012849fa370:   00000012849fa480 00007ffd7e449f77
0x00000012849fa380:   00000012849fa700 000000120000013f
0x00000012849fa390:   0000016a9f8539c8 00000012849fa700
0x00000012849fa3a0:   00000012849fa870 00007ffd7e07b497
0x00000012849fa3b0:   0000000000020010 0000000000000000
0x00000012849fa3c0:   0000000000020020 0000000000000000
0x00000012849fa3d0:   0000000000000002 0000016aa233e1f0
0x00000012849fa3e0:   0000016a00000002 0000016a9f6618c0
0x00000012849fa3f0:   0000016a82770000 00007ffd00000002
0x00000012849fa400:   0000000000020010 0000000000020020
0x00000012849fa410:   0000000000000000 00000012849fa420 

Instructions: (pc=0x00007ffd7e44bc46)
0x00007ffd7e44bb46:   49 c1 e0 03 48 8b c8 e8 40 31 31 00 49 8b 47 10
0x00007ffd7e44bb56:   48 8b 98 d0 02 00 00 eb 21 49 8b 47 10 48 8b 98
0x00007ffd7e44bb66:   d0 02 00 00 85 ff 75 12 bf 01 00 00 00 8b cf 8d
0x00007ffd7e44bb76:   57 07 e8 83 3b dc ff 4c 8b f0 be 01 00 00 00 49
0x00007ffd7e44bb86:   89 1e 8b de 89 5c 24 68 44 8b eb 44 8b c3 0f 1f
0x00007ffd7e44bb96:   40 00 0f 1f 84 00 00 00 00 00 49 8b 87 98 09 00
0x00007ffd7e44bba6:   00 48 63 ce 4d 8b 4c ce f8 4c 89 4c 24 70 41 8b
0x00007ffd7e44bbb6:   49 28 48 8d 14 88 8b 04 88 85 c0 0f 85 48 01 00
0x00007ffd7e44bbc6:   00 8d 04 1b 89 02 41 8b 41 20 83 e8 01 4c 63 e0
0x00007ffd7e44bbd6:   0f 88 28 01 00 00 4c 8b 6c 24 60 8d 6e 01 0f 1f
0x00007ffd7e44bbe6:   40 00 0f 1f 84 00 00 00 00 00 49 8b 41 10 4e 8b
0x00007ffd7e44bbf6:   3c e0 49 8b cf 49 8b 07 ff 50 10 84 c0 0f 84 e7
0x00007ffd7e44bc06:   00 00 00 4d 8b 8d 98 09 00 00 41 8b 47 28 41 83
0x00007ffd7e44bc16:   3c 81 00 0f 85 d1 00 00 00 49 8b 57 10 41 8b 47
0x00007ffd7e44bc26:   20 4c 8d 04 c2 49 3b d0 0f 83 bc 00 00 00 0f 1f
0x00007ffd7e44bc36:   40 00 0f 1f 84 00 00 00 00 00 48 8b 02 8b 48 28
0x00007ffd7e44bc46:   41 8b 04 89 85 c0 74 0a a8 01 75 06 d1 e8 3b c3
0x00007ffd7e44bc56:   7c 0e 48 83 c2 08 49 3b d0 72 df e9 8a 00 00 00
0x00007ffd7e44bc66:   3b f7 75 7b 85 ed 74 0b 8d 45 ff 85 c5 75 04 8b
0x00007ffd7e44bc76:   fd eb 0c 0f bd cd bf 01 00 00 00 ff c1 d3 e7 ba
0x00007ffd7e44bc86:   08 00 00 00 8b cf e8 6f 3a dc ff 45 33 c9 48 8b
0x00007ffd7e44bc96:   d8 85 f6 7e 26 48 8b d0 44 8b c6 4c 2b f0 44 8b
0x00007ffd7e44bca6:   ce 66 0f 1f 84 00 00 00 00 00 49 8b 0c 16 48 89
0x00007ffd7e44bcb6:   0a 48 8d 52 08 49 83 e8 01 75 ef 44 3b cf 7d 18
0x00007ffd7e44bcc6:   49 63 c1 44 8b c7 45 2b c1 33 d2 49 c1 e0 03 48
0x00007ffd7e44bcd6:   8d 0c c3 e8 b4 2f 31 00 4c 8b f3 8b 5c 24 68 48
0x00007ffd7e44bce6:   63 c6 ff c6 ff c5 4d 89 3c c6 49 83 ec 01 4c 8b
0x00007ffd7e44bcf6:   4c 24 70 0f 89 f1 fe ff ff 4c 8b 7c 24 60 ff c3
0x00007ffd7e44bd06:   89 5c 24 68 e9 82 01 00 00 a8 01 0f 85 76 01 00
0x00007ffd7e44bd16:   00 41 8b 41 20 83 e8 01 4c 63 e0 0f 88 cd 00 00
0x00007ffd7e44bd26:   00 8d 5e 01 66 0f 1f 44 00 00 49 8b 41 10 4a 8b
0x00007ffd7e44bd36:   2c e0 48 8b cd 48 8b 45 00 ff 50 10 84 c0 0f 84 


Stack slot to memory mapping:
stack at sp + 0 slots: 0x00000012849fa700 is pointing into the stack for thread: 0x0000016a9f798bf0
stack at sp + 1 slots: 0x00000012849fa480 is pointing into the stack for thread: 0x0000016a9f798bf0
stack at sp + 2 slots: 0x0000016a9f5dc310 points into unknown readable memory: 0x0000000000000000 | 00 00 00 00 00 00 00 00
stack at sp + 3 slots: 0x00007ffd7e520dec jvm.dll
stack at sp + 4 slots: 0x0 is NULL
stack at sp + 5 slots: 0x0 is NULL
stack at sp + 6 slots: 0x00000000000f3f10 is an unknown value
stack at sp + 7 slots: 0x0000016aa3c85d08 points into unknown readable memory: 0x08507e1133f78665 | 65 86 f7 33 11 7e 50 08


---------------  P R O C E S S  ---------------

Threads class SMR info:
_java_thread_list=0x0000016aa8922980, length=127, elements={
0x0000016a84a20900, 0x0000016a9e89e6f0, 0x0000016a9f4302a0, 0x0000016a9f4808d0,
0x0000016a9f484010, 0x0000016a9f4845d0, 0x0000016a9f484fa0, 0x0000016a9f485890,
0x0000016a9f485f40, 0x0000016a9f487460, 0x0000016a9f614440, 0x0000016a9f614d20,
0x0000016a9f798bf0, 0x0000016aa1cb55f0, 0x0000016aa0b906e0, 0x0000016aa19c52f0,
0x0000016aa0bcca50, 0x0000016aa1ae1ac0, 0x0000016aa1ade010, 0x0000016a9fa894e0,
0x0000016a9fa8b690, 0x0000016a9fa899b0, 0x0000016a9fa8acf0, 0x0000016a9fa89e80,
0x0000016a9fa8a350, 0x0000016a9fa8bb60, 0x0000016a9fa8c500, 0x0000016a9fa8b1c0,
0x0000016a9fa8c9d0, 0x0000016a9fa8cea0, 0x0000016a9fa8a820, 0x0000016aa4c9ee20,
0x0000016aa4ca0630, 0x0000016aa4c9f2f0, 0x0000016aa4ca1e40, 0x0000016aa4c9f7c0,
0x0000016aa4ca0b00, 0x0000016aa4ca0fd0, 0x0000016aa4ca14a0, 0x0000016aa4ca1970,
0x0000016aa1dd8eb0, 0x0000016aa1dd89e0, 0x0000016aa1dd76a0, 0x0000016aa1dd6360,
0x0000016aa1dd71d0, 0x0000016aa1dd9380, 0x0000016aa1dda1f0, 0x0000016aa1dd2e70,
0x0000016aa1dd3810, 0x0000016aa1dd7b70, 0x0000016aa1dd9d20, 0x0000016aa1dda6c0,
0x0000016aa1dd3340, 0x0000016aa1dd8040, 0x0000016aa1dd6830, 0x0000016aa1dd8510,
0x0000016aa1dd3ce0, 0x0000016aa1dd6d00, 0x0000016aa1dd41b0, 0x0000016aa1dd5e90,
0x0000016aa1dd59c0, 0x0000016aa1dd4680, 0x0000016aa1dd4b50, 0x0000016aa1dd54f0,
0x0000016aa0bbb7c0, 0x0000016aa0bbc630, 0x0000016aa0bbe7e0, 0x0000016aa0bb9fb0,
0x0000016aa0bbcfd0, 0x0000016aa0bb7e00, 0x0000016aa0bb82d0, 0x0000016aa0bbbc90,
0x0000016aa0bbcb00, 0x0000016aa0bbde40, 0x0000016aa0bba480, 0x0000016aa0bba950,
0x0000016aa0bbc160, 0x0000016aa0bbd970, 0x0000016aa0bbd4a0, 0x0000016aa0bbe310,
0x0000016aa0bb7460, 0x0000016aa0bb6f90, 0x0000016aa0bb7930, 0x0000016aa0bb87a0,
0x0000016aa0bb8c70, 0x0000016aa0bb9140, 0x0000016aa0bb9610, 0x0000016aa0bbae20,
0x0000016aa0bbb2f0, 0x0000016aa0bb9ae0, 0x0000016aa53297b0, 0x0000016aa53292e0,
0x0000016aa532db10, 0x0000016aa5329c80, 0x0000016aa5328e10, 0x0000016aa532d640,
0x0000016aa5327ad0, 0x0000016aa532dfe0, 0x0000016aa532e4b0, 0x0000016aa5326c60,
0x0000016aa532a150, 0x0000016aa532b960, 0x0000016aa5327130, 0x0000016aa5327600,
0x0000016aa532a620, 0x0000016aa5327fa0, 0x0000016aa532aaf0, 0x0000016aa5328470,
0x0000016aa5328940, 0x0000016aa532afc0, 0x0000016aa532c7d0, 0x0000016aa532b490,
0x0000016aa532be30, 0x0000016aa532c300, 0x0000016aa532cca0, 0x0000016aa532d170,
0x0000016a9fa814a0, 0x0000016a9fa83650, 0x0000016a9fa86b40, 0x0000016a9fa88350,
0x0000016a9fa88820, 0x0000016a9fa87e80, 0x0000016a9fa81970, 0x0000016a9fa87010,
0x0000016a9fa82cb0, 0x0000016a9fa874e0, 0x0000016aa2500d40
}

Java Threads: ( => current thread )
  0x0000016a84a20900 JavaThread "main" [_thread_blocked, id=6888, stack(0x0000001283600000,0x0000001283700000)]
  0x0000016a9e89e6f0 JavaThread "Reference Handler" daemon [_thread_blocked, id=4904, stack(0x0000001283d00000,0x0000001283e00000)]
  0x0000016a9f4302a0 JavaThread "Finalizer" daemon [_thread_blocked, id=7100, stack(0x0000001283e00000,0x0000001283f00000)]
  0x0000016a9f4808d0 JavaThread "Signal Dispatcher" daemon [_thread_blocked, id=1080, stack(0x0000001283f00000,0x0000001284000000)]
  0x0000016a9f484010 JavaThread "Attach Listener" daemon [_thread_blocked, id=13140, stack(0x0000001284000000,0x0000001284100000)]
  0x0000016a9f4845d0 JavaThread "Service Thread" daemon [_thread_blocked, id=9856, stack(0x0000001284100000,0x0000001284200000)]
  0x0000016a9f484fa0 JavaThread "Monitor Deflation Thread" daemon [_thread_blocked, id=1696, stack(0x0000001284200000,0x0000001284300000)]
  0x0000016a9f485890 JavaThread "C2 CompilerThread0" daemon [_thread_in_native, id=9596, stack(0x0000001284300000,0x0000001284400000)]
  0x0000016a9f485f40 JavaThread "C1 CompilerThread0" daemon [_thread_blocked, id=8228, stack(0x0000001284400000,0x0000001284500000)]
  0x0000016a9f487460 JavaThread "Sweeper thread" daemon [_thread_blocked, id=10088, stack(0x0000001284500000,0x0000001284600000)]
  0x0000016a9f614440 JavaThread "Common-Cleaner" daemon [_thread_blocked, id=6508, stack(0x0000001284600000,0x0000001284700000)]
  0x0000016a9f614d20 JavaThread "Notification Thread" daemon [_thread_blocked, id=7060, stack(0x0000001284700000,0x0000001284800000)]
=>0x0000016a9f798bf0 JavaThread "C2 CompilerThread1" daemon [_thread_in_native, id=3988, stack(0x0000001284900000,0x0000001284a00000)]
  0x0000016aa1cb55f0 JavaThread "Daemon health stats" [_thread_blocked, id=2296, stack(0x0000001285000000,0x0000001285100000)]
  0x0000016aa0b906e0 JavaThread "Incoming local TCP Connector on port 60222" [_thread_in_native, id=3652, stack(0x0000001285100000,0x0000001285200000)]
  0x0000016aa19c52f0 JavaThread "Daemon periodic checks" [_thread_blocked, id=9272, stack(0x0000001285200000,0x0000001285300000)]
  0x0000016aa0bcca50 JavaThread "Daemon" [_thread_blocked, id=9860, stack(0x0000001285300000,0x0000001285400000)]
  0x0000016aa1ae1ac0 JavaThread "Handler for socket connection from /127.0.0.1:60222 to /127.0.0.1:60224" [_thread_in_native, id=9336, stack(0x0000001285400000,0x0000001285500000)]
  0x0000016aa1ade010 JavaThread "Cancel handler" [_thread_blocked, id=1328, stack(0x0000001285500000,0x0000001285600000)]
  0x0000016a9fa894e0 JavaThread "Daemon worker" [_thread_in_Java, id=1316, stack(0x0000001285600000,0x0000001285700000)]
  0x0000016a9fa8b690 JavaThread "Asynchronous log dispatcher for DefaultDaemonConnection: socket connection from /127.0.0.1:60222 to /127.0.0.1:60224" [_thread_blocked, id=624, stack(0x0000001285700000,0x0000001285800000)]
  0x0000016a9fa899b0 JavaThread "Stdin handler" [_thread_blocked, id=9592, stack(0x0000001285800000,0x0000001285900000)]
  0x0000016a9fa8acf0 JavaThread "Daemon client event forwarder" [_thread_blocked, id=13004, stack(0x0000001285900000,0x0000001285a00000)]
  0x0000016a9fa89e80 JavaThread "Cache worker for journal cache (C:\Users\kuzne\.gradle\caches\journal-1)" [_thread_blocked, id=5592, stack(0x0000001285a00000,0x0000001285b00000)]
  0x0000016a9fa8a350 JavaThread "File lock request listener" [_thread_in_native, id=5324, stack(0x0000001285b00000,0x0000001285c00000)]
  0x0000016a9fa8bb60 JavaThread "Cache worker for file hash cache (C:\Users\kuzne\.gradle\caches\7.5\fileHashes)" [_thread_blocked, id=1544, stack(0x0000001285f00000,0x0000001286000000)]
  0x0000016a9fa8c500 JavaThread "File watcher server" daemon [_thread_in_native, id=12416, stack(0x0000001286000000,0x0000001286100000)]
  0x0000016a9fa8b1c0 JavaThread "File watcher consumer" daemon [_thread_blocked, id=5044, stack(0x0000001286100000,0x0000001286200000)]
  0x0000016a9fa8c9d0 JavaThread "Cache worker for checksums cache (C:\Users\kuzne\Desktop\ArtGallery-main\.gradle\7.5\checksums)" [_thread_blocked, id=1628, stack(0x0000001286200000,0x0000001286300000)]
  0x0000016a9fa8cea0 JavaThread "Cache worker for cache directory md-rule (C:\Users\kuzne\.gradle\caches\7.5\md-rule)" [_thread_blocked, id=8464, stack(0x0000001286300000,0x0000001286400000)]
  0x0000016a9fa8a820 JavaThread "Cache worker for file content cache (C:\Users\kuzne\.gradle\caches\7.5\fileContent)" [_thread_blocked, id=8664, stack(0x0000001286400000,0x0000001286500000)]
  0x0000016aa4c9ee20 JavaThread "Cache worker for file hash cache (C:\Users\kuzne\Desktop\ArtGallery-main\.gradle\7.5\fileHashes)" [_thread_blocked, id=12608, stack(0x0000001286500000,0x0000001286600000)]
  0x0000016aa4ca0630 JavaThread "Cache worker for cache directory md-supplier (C:\Users\kuzne\.gradle\caches\7.5\md-supplier)" [_thread_blocked, id=3676, stack(0x0000001286600000,0x0000001286700000)]
  0x0000016aa4c9f2f0 JavaThread "Cache worker for execution history cache (C:\Users\kuzne\.gradle\caches\7.5\executionHistory)" [_thread_blocked, id=8880, stack(0x0000001286700000,0x0000001286800000)]
  0x0000016aa4ca1e40 JavaThread "jar transforms" [_thread_blocked, id=5896, stack(0x0000001286800000,0x0000001286900000)]
  0x0000016aa4c9f7c0 JavaThread "jar transforms Thread 2" [_thread_blocked, id=8452, stack(0x0000001286900000,0x0000001286a00000)]
  0x0000016aa4ca0b00 JavaThread "jar transforms Thread 3" [_thread_blocked, id=12624, stack(0x0000001286a00000,0x0000001286b00000)]
  0x0000016aa4ca0fd0 JavaThread "jar transforms Thread 4" [_thread_blocked, id=8648, stack(0x0000001286b00000,0x0000001286c00000)]
  0x0000016aa4ca14a0 JavaThread "Cache worker for dependencies-accessors (C:\Users\kuzne\Desktop\ArtGallery-main\.gradle\7.5\dependencies-accessors)" [_thread_blocked, id=3204, stack(0x0000001286c00000,0x0000001286d00000)]
  0x0000016aa4ca1970 JavaThread "jar transforms Thread 5" [_thread_blocked, id=10572, stack(0x0000001286d00000,0x0000001286e00000)]
  0x0000016aa1dd8eb0 JavaThread "Cache worker for Build Output Cleanup Cache (C:\Users\kuzne\Desktop\ArtGallery-main\.gradle\buildOutputCleanup)" [_thread_blocked, id=1012, stack(0x0000001286e00000,0x0000001286f00000)]
  0x0000016aa1dd89e0 JavaThread "Unconstrained build operations" [_thread_blocked, id=6092, stack(0x0000001284a00000,0x0000001284b00000)]
  0x0000016aa1dd76a0 JavaThread "Unconstrained build operations Thread 2" [_thread_blocked, id=7308, stack(0x0000001287000000,0x0000001287100000)]
  0x0000016aa1dd6360 JavaThread "Unconstrained build operations Thread 3" [_thread_blocked, id=4036, stack(0x0000001287100000,0x0000001287200000)]
  0x0000016aa1dd71d0 JavaThread "Unconstrained build operations Thread 4" [_thread_blocked, id=5332, stack(0x0000001287200000,0x0000001287300000)]
  0x0000016aa1dd9380 JavaThread "Unconstrained build operations Thread 5" [_thread_blocked, id=648, stack(0x0000001287300000,0x0000001287400000)]
  0x0000016aa1dda1f0 JavaThread "Unconstrained build operations Thread 6" [_thread_blocked, id=6044, stack(0x0000001287400000,0x0000001287500000)]
  0x0000016aa1dd2e70 JavaThread "Unconstrained build operations Thread 7" [_thread_blocked, id=4780, stack(0x0000001287500000,0x0000001287600000)]
  0x0000016aa1dd3810 JavaThread "Unconstrained build operations Thread 8" [_thread_blocked, id=3372, stack(0x0000001287600000,0x0000001287700000)]
  0x0000016aa1dd7b70 JavaThread "Unconstrained build operations Thread 9" [_thread_blocked, id=11088, stack(0x0000001287700000,0x0000001287800000)]
  0x0000016aa1dd9d20 JavaThread "Unconstrained build operations Thread 10" [_thread_blocked, id=10752, stack(0x0000001287800000,0x0000001287900000)]
  0x0000016aa1dda6c0 JavaThread "Unconstrained build operations Thread 11" [_thread_blocked, id=3288, stack(0x0000001287900000,0x0000001287a00000)]
  0x0000016aa1dd3340 JavaThread "Unconstrained build operations Thread 12" [_thread_blocked, id=8676, stack(0x0000001287a00000,0x0000001287b00000)]
  0x0000016aa1dd8040 JavaThread "Unconstrained build operations Thread 13" [_thread_blocked, id=5028, stack(0x0000001287b00000,0x0000001287c00000)]
  0x0000016aa1dd6830 JavaThread "Unconstrained build operations Thread 14" [_thread_blocked, id=1572, stack(0x0000001287c00000,0x0000001287d00000)]
  0x0000016aa1dd8510 JavaThread "Unconstrained build operations Thread 15" [_thread_blocked, id=13156, stack(0x0000001287d00000,0x0000001287e00000)]
  0x0000016aa1dd3ce0 JavaThread "Unconstrained build operations Thread 16" [_thread_blocked, id=8900, stack(0x0000001287e00000,0x0000001287f00000)]
  0x0000016aa1dd6d00 JavaThread "Unconstrained build operations Thread 17" [_thread_blocked, id=8476, stack(0x0000001287f00000,0x0000001288000000)]
  0x0000016aa1dd41b0 JavaThread "Unconstrained build operations Thread 18" [_thread_blocked, id=11788, stack(0x0000001288000000,0x0000001288100000)]
  0x0000016aa1dd5e90 JavaThread "Unconstrained build operations Thread 19" [_thread_blocked, id=11392, stack(0x0000001288100000,0x0000001288200000)]
  0x0000016aa1dd59c0 JavaThread "Unconstrained build operations Thread 20" [_thread_blocked, id=2704, stack(0x0000001288200000,0x0000001288300000)]
  0x0000016aa1dd4680 JavaThread "Unconstrained build operations Thread 21" [_thread_blocked, id=8896, stack(0x0000001288300000,0x0000001288400000)]
  0x0000016aa1dd4b50 JavaThread "Unconstrained build operations Thread 22" [_thread_blocked, id=2660, stack(0x0000001288400000,0x0000001288500000)]
  0x0000016aa1dd54f0 JavaThread "Unconstrained build operations Thread 23" [_thread_blocked, id=11908, stack(0x0000001288500000,0x0000001288600000)]
  0x0000016aa0bbb7c0 JavaThread "Unconstrained build operations Thread 24" [_thread_blocked, id=9748, stack(0x0000001288600000,0x0000001288700000)]
  0x0000016aa0bbc630 JavaThread "Unconstrained build operations Thread 25" [_thread_blocked, id=2096, stack(0x0000001288700000,0x0000001288800000)]
  0x0000016aa0bbe7e0 JavaThread "Unconstrained build operations Thread 26" [_thread_blocked, id=11748, stack(0x0000001288800000,0x0000001288900000)]
  0x0000016aa0bb9fb0 JavaThread "Unconstrained build operations Thread 27" [_thread_blocked, id=13000, stack(0x0000001288900000,0x0000001288a00000)]
  0x0000016aa0bbcfd0 JavaThread "Unconstrained build operations Thread 28" [_thread_blocked, id=3420, stack(0x0000001288a00000,0x0000001288b00000)]
  0x0000016aa0bb7e00 JavaThread "Unconstrained build operations Thread 29" [_thread_blocked, id=1164, stack(0x0000001288b00000,0x0000001288c00000)]
  0x0000016aa0bb82d0 JavaThread "Unconstrained build operations Thread 30" [_thread_blocked, id=9656, stack(0x0000001288c00000,0x0000001288d00000)]
  0x0000016aa0bbbc90 JavaThread "Unconstrained build operations Thread 31" [_thread_blocked, id=2580, stack(0x0000001288d00000,0x0000001288e00000)]
  0x0000016aa0bbcb00 JavaThread "Unconstrained build operations Thread 32" [_thread_blocked, id=1392, stack(0x0000001288e00000,0x0000001288f00000)]
  0x0000016aa0bbde40 JavaThread "Unconstrained build operations Thread 33" [_thread_blocked, id=12532, stack(0x0000001288f00000,0x0000001289000000)]
  0x0000016aa0bba480 JavaThread "Unconstrained build operations Thread 34" [_thread_blocked, id=4776, stack(0x0000001289000000,0x0000001289100000)]
  0x0000016aa0bba950 JavaThread "Unconstrained build operations Thread 35" [_thread_blocked, id=1632, stack(0x0000001289100000,0x0000001289200000)]
  0x0000016aa0bbc160 JavaThread "Unconstrained build operations Thread 36" [_thread_blocked, id=12044, stack(0x0000001289200000,0x0000001289300000)]
  0x0000016aa0bbd970 JavaThread "Unconstrained build operations Thread 37" [_thread_blocked, id=5544, stack(0x0000001289300000,0x0000001289400000)]
  0x0000016aa0bbd4a0 JavaThread "Unconstrained build operations Thread 38" [_thread_blocked, id=5464, stack(0x0000001289400000,0x0000001289500000)]
  0x0000016aa0bbe310 JavaThread "Unconstrained build operations Thread 39" [_thread_blocked, id=11516, stack(0x0000001289500000,0x0000001289600000)]
  0x0000016aa0bb7460 JavaThread "Unconstrained build operations Thread 40" [_thread_blocked, id=6488, stack(0x0000001289600000,0x0000001289700000)]
  0x0000016aa0bb6f90 JavaThread "Unconstrained build operations Thread 41" [_thread_blocked, id=9572, stack(0x0000001289700000,0x0000001289800000)]
  0x0000016aa0bb7930 JavaThread "Unconstrained build operations Thread 42" [_thread_blocked, id=5580, stack(0x0000001289800000,0x0000001289900000)]
  0x0000016aa0bb87a0 JavaThread "Unconstrained build operations Thread 43" [_thread_blocked, id=6264, stack(0x0000001289900000,0x0000001289a00000)]
  0x0000016aa0bb8c70 JavaThread "Unconstrained build operations Thread 44" [_thread_blocked, id=11408, stack(0x0000001289a00000,0x0000001289b00000)]
  0x0000016aa0bb9140 JavaThread "Unconstrained build operations Thread 45" [_thread_blocked, id=7092, stack(0x0000001289b00000,0x0000001289c00000)]
  0x0000016aa0bb9610 JavaThread "Unconstrained build operations Thread 46" [_thread_blocked, id=8600, stack(0x0000001289c00000,0x0000001289d00000)]
  0x0000016aa0bbae20 JavaThread "Unconstrained build operations Thread 47" [_thread_blocked, id=7664, stack(0x0000001289d00000,0x0000001289e00000)]
  0x0000016aa0bbb2f0 JavaThread "Unconstrained build operations Thread 48" [_thread_blocked, id=2848, stack(0x0000001289e00000,0x0000001289f00000)]
  0x0000016aa0bb9ae0 JavaThread "Unconstrained build operations Thread 49" [_thread_blocked, id=6048, stack(0x0000001289f00000,0x000000128a000000)]
  0x0000016aa53297b0 JavaThread "Unconstrained build operations Thread 50" [_thread_blocked, id=10736, stack(0x000000128a000000,0x000000128a100000)]
  0x0000016aa53292e0 JavaThread "Unconstrained build operations Thread 51" [_thread_blocked, id=13020, stack(0x000000128a100000,0x000000128a200000)]
  0x0000016aa532db10 JavaThread "Unconstrained build operations Thread 52" [_thread_blocked, id=4064, stack(0x000000128a200000,0x000000128a300000)]
  0x0000016aa5329c80 JavaThread "Unconstrained build operations Thread 53" [_thread_blocked, id=1500, stack(0x000000128a300000,0x000000128a400000)]
  0x0000016aa5328e10 JavaThread "Unconstrained build operations Thread 54" [_thread_blocked, id=9868, stack(0x000000128a400000,0x000000128a500000)]
  0x0000016aa532d640 JavaThread "Unconstrained build operations Thread 55" [_thread_blocked, id=10000, stack(0x000000128a500000,0x000000128a600000)]
  0x0000016aa5327ad0 JavaThread "Unconstrained build operations Thread 56" [_thread_blocked, id=3080, stack(0x000000128a600000,0x000000128a700000)]
  0x0000016aa532dfe0 JavaThread "Unconstrained build operations Thread 57" [_thread_blocked, id=11720, stack(0x000000128a700000,0x000000128a800000)]
  0x0000016aa532e4b0 JavaThread "Unconstrained build operations Thread 58" [_thread_blocked, id=2320, stack(0x000000128a800000,0x000000128a900000)]
  0x0000016aa5326c60 JavaThread "Unconstrained build operations Thread 59" [_thread_blocked, id=5496, stack(0x000000128a900000,0x000000128aa00000)]
  0x0000016aa532a150 JavaThread "Unconstrained build operations Thread 60" [_thread_blocked, id=9736, stack(0x000000128aa00000,0x000000128ab00000)]
  0x0000016aa532b960 JavaThread "Unconstrained build operations Thread 61" [_thread_blocked, id=6632, stack(0x000000128ab00000,0x000000128ac00000)]
  0x0000016aa5327130 JavaThread "Unconstrained build operations Thread 62" [_thread_blocked, id=4788, stack(0x000000128ac00000,0x000000128ad00000)]
  0x0000016aa5327600 JavaThread "Unconstrained build operations Thread 63" [_thread_blocked, id=6140, stack(0x000000128ad00000,0x000000128ae00000)]
  0x0000016aa532a620 JavaThread "Unconstrained build operations Thread 64" [_thread_blocked, id=12916, stack(0x000000128ae00000,0x000000128af00000)]
  0x0000016aa5327fa0 JavaThread "Unconstrained build operations Thread 65" [_thread_blocked, id=464, stack(0x000000128af00000,0x000000128b000000)]
  0x0000016aa532aaf0 JavaThread "Unconstrained build operations Thread 66" [_thread_blocked, id=8668, stack(0x000000128b000000,0x000000128b100000)]
  0x0000016aa5328470 JavaThread "Unconstrained build operations Thread 67" [_thread_blocked, id=5860, stack(0x000000128b100000,0x000000128b200000)]
  0x0000016aa5328940 JavaThread "Unconstrained build operations Thread 68" [_thread_blocked, id=6848, stack(0x000000128b200000,0x000000128b300000)]
  0x0000016aa532afc0 JavaThread "Unconstrained build operations Thread 69" [_thread_blocked, id=12072, stack(0x000000128b300000,0x000000128b400000)]
  0x0000016aa532c7d0 JavaThread "Unconstrained build operations Thread 70" [_thread_blocked, id=9932, stack(0x000000128b400000,0x000000128b500000)]
  0x0000016aa532b490 JavaThread "Unconstrained build operations Thread 71" [_thread_blocked, id=6496, stack(0x000000128b500000,0x000000128b600000)]
  0x0000016aa532be30 JavaThread "Unconstrained build operations Thread 72" [_thread_blocked, id=12512, stack(0x000000128b600000,0x000000128b700000)]
  0x0000016aa532c300 JavaThread "Unconstrained build operations Thread 73" [_thread_blocked, id=2328, stack(0x000000128b700000,0x000000128b800000)]
  0x0000016aa532cca0 JavaThread "Unconstrained build operations Thread 74" [_thread_blocked, id=9264, stack(0x000000128b800000,0x000000128b900000)]
  0x0000016aa532d170 JavaThread "Unconstrained build operations Thread 75" [_thread_blocked, id=7472, stack(0x000000128b900000,0x000000128ba00000)]
  0x0000016a9fa814a0 JavaThread "Unconstrained build operations Thread 76" [_thread_blocked, id=3348, stack(0x000000128ba00000,0x000000128bb00000)]
  0x0000016a9fa83650 JavaThread "Unconstrained build operations Thread 77" [_thread_blocked, id=6856, stack(0x000000128bb00000,0x000000128bc00000)]
  0x0000016a9fa86b40 JavaThread "Unconstrained build operations Thread 78" [_thread_blocked, id=8768, stack(0x000000128bc00000,0x000000128bd00000)]
  0x0000016a9fa88350 JavaThread "Unconstrained build operations Thread 79" [_thread_blocked, id=6224, stack(0x000000128bd00000,0x000000128be00000)]
  0x0000016a9fa88820 JavaThread "Unconstrained build operations Thread 80" [_thread_blocked, id=4140, stack(0x000000128be00000,0x000000128bf00000)]
  0x0000016a9fa87e80 JavaThread "jar transforms Thread 6" [_thread_blocked, id=11704, stack(0x000000128c000000,0x000000128c100000)]
  0x0000016a9fa81970 JavaThread "jar transforms Thread 7" [_thread_blocked, id=3976, stack(0x000000128c100000,0x000000128c200000)]
  0x0000016a9fa87010 JavaThread "jar transforms Thread 8" [_thread_blocked, id=8540, stack(0x000000128c200000,0x000000128c300000)]
  0x0000016a9fa82cb0 JavaThread "build event listener" [_thread_blocked, id=11176, stack(0x000000128c300000,0x000000128c400000)]
  0x0000016a9fa874e0 JavaThread "Memory manager" [_thread_blocked, id=12668, stack(0x000000128c400000,0x000000128c500000)]
  0x0000016aa2500d40 JavaThread "C2 CompilerThread2" daemon [_thread_in_native, id=5792, stack(0x000000128bf00000,0x000000128c000000)]

Other Threads:
  0x0000016a9e89e070 VMThread "VM Thread" [stack: 0x0000001283c00000,0x0000001283d00000] [id=1248]
  0x0000016a84aac2a0 WatcherThread [stack: 0x0000001284800000,0x0000001284900000] [id=9160]
  0x0000016a84a7b2c0 GCTaskThread "GC Thread#0" [stack: 0x0000001283700000,0x0000001283800000] [id=8764]
  0x0000016aa07a3dc0 GCTaskThread "GC Thread#1" [stack: 0x0000001284b00000,0x0000001284c00000] [id=5704]
  0x0000016a9fd878a0 GCTaskThread "GC Thread#2" [stack: 0x0000001284c00000,0x0000001284d00000] [id=8828]
  0x0000016a9fd87b50 GCTaskThread "GC Thread#3" [stack: 0x0000001284d00000,0x0000001284e00000] [id=11020]
  0x0000016aa0645030 GCTaskThread "GC Thread#4" [stack: 0x0000001284e00000,0x0000001284f00000] [id=7300]
  0x0000016aa06452e0 GCTaskThread "GC Thread#5" [stack: 0x0000001284f00000,0x0000001285000000] [id=5444]
  0x0000016aa1b1a030 GCTaskThread "GC Thread#6" [stack: 0x0000001285c00000,0x0000001285d00000] [id=11652]
  0x0000016aa1acbb80 GCTaskThread "GC Thread#7" [stack: 0x0000001285d00000,0x0000001285e00000] [id=3008]
  0x0000016a84a8c200 ConcurrentGCThread "G1 Main Marker" [stack: 0x0000001283800000,0x0000001283900000] [id=12424]
  0x0000016a84a8cfc0 ConcurrentGCThread "G1 Conc#0" [stack: 0x0000001283900000,0x0000001283a00000] [id=10244]
  0x0000016aa1b2d980 ConcurrentGCThread "G1 Conc#1" [stack: 0x0000001285e00000,0x0000001285f00000] [id=3616]
  0x0000016a84aed960 ConcurrentGCThread "G1 Refine#0" [stack: 0x0000001283a00000,0x0000001283b00000] [id=9244]
  0x0000016a84aedf90 ConcurrentGCThread "G1 Service" [stack: 0x0000001283b00000,0x0000001283c00000] [id=4696]

Threads with active compile tasks:
C2 CompilerThread0    10884 9235       4       java.util.TimSort::binarySort (223 bytes)
C2 CompilerThread1    10884 9082       4       org.gradle.internal.instantiation.generator.AbstractClassGenerator::inspectType (560 bytes)
C2 CompilerThread2    10884 9189   !   4       org.gradle.api.internal.attributes.DefaultImmutableAttributesFactory::doConcatIsolatable (128 bytes)

VM state: not at safepoint (normal execution)

VM Mutex/Monitor currently owned by a thread: None

Heap address: 0x0000000080000000, size: 2048 MB, Compressed Oops mode: 32-bit

CDS archive(s) not mapped
Compressed class space mapped at: 0x0000000100000000-0x0000000140000000, reserved size: 1073741824
Narrow klass base: 0x0000000000000000, Narrow klass shift: 3, Narrow klass range: 0x140000000

GC Precious Log:
 CPUs: 8 total, 8 available
 Memory: 16317M
 Large Page Support: Disabled
 NUMA Support: Disabled
 Compressed Oops: Enabled (32-bit)
 Heap Region Size: 1M
 Heap Min Capacity: 8M
 Heap Initial Capacity: 256M
 Heap Max Capacity: 2G
 Pre-touch: Disabled
 Parallel Workers: 8
 Concurrent Workers: 2
 Concurrent Refinement Workers: 8
 Periodic GC: Disabled

Heap:
 garbage-first heap   total 239616K, used 111037K [0x0000000080000000, 0x0000000100000000)
  region size 1024K, 39 young (39936K), 2 survivors (2048K)
 Metaspace       used 90807K, committed 91392K, reserved 1130496K
  class space    used 12276K, committed 12544K, reserved 1048576K

Heap Regions: E=young(eden), S=young(survivor), O=old, HS=humongous(starts), HC=humongous(continues), CS=collection set, F=free, OA=open archive, CA=closed archive, TAMS=top-at-mark-start (previous, next)
|   0|0x0000000080000000, 0x0000000080100000, 0x0000000080100000|100%| O|  |TAMS 0x0000000080100000, 0x0000000080000000| Untracked 
|   1|0x0000000080100000, 0x0000000080200000, 0x0000000080200000|100%| O|  |TAMS 0x0000000080200000, 0x0000000080100000| Untracked 
|   2|0x0000000080200000, 0x0000000080300000, 0x0000000080300000|100%| O|  |TAMS 0x0000000080300000, 0x0000000080200000| Untracked 
|   3|0x0000000080300000, 0x0000000080400000, 0x0000000080400000|100%|HS|  |TAMS 0x0000000080400000, 0x0000000080300000| Complete 
|   4|0x0000000080400000, 0x0000000080500000, 0x0000000080500000|100%|HC|  |TAMS 0x0000000080500000, 0x0000000080400000| Complete 
|   5|0x0000000080500000, 0x0000000080600000, 0x0000000080600000|100%|HC|  |TAMS 0x0000000080600000, 0x0000000080500000| Complete 
|   6|0x0000000080600000, 0x0000000080700000, 0x0000000080700000|100%| O|  |TAMS 0x0000000080700000, 0x0000000080600000| Untracked 
|   7|0x0000000080700000, 0x0000000080800000, 0x0000000080800000|100%| O|  |TAMS 0x0000000080800000, 0x0000000080700000| Untracked 
|   8|0x0000000080800000, 0x0000000080900000, 0x0000000080900000|100%| O|  |TAMS 0x0000000080900000, 0x0000000080800000| Untracked 
|   9|0x0000000080900000, 0x0000000080a00000, 0x0000000080a00000|100%| O|  |TAMS 0x0000000080a00000, 0x0000000080900000| Untracked 
|  10|0x0000000080a00000, 0x0000000080b00000, 0x0000000080b00000|100%| O|  |TAMS 0x0000000080b00000, 0x0000000080a00000| Untracked 
|  11|0x0000000080b00000, 0x0000000080c00000, 0x0000000080c00000|100%| O|  |TAMS 0x0000000080c00000, 0x0000000080b00000| Untracked 
|  12|0x0000000080c00000, 0x0000000080d00000, 0x0000000080d00000|100%| O|  |TAMS 0x0000000080d00000, 0x0000000080c00000| Untracked 
|  13|0x0000000080d00000, 0x0000000080e00000, 0x0000000080e00000|100%| O|  |TAMS 0x0000000080d00000, 0x0000000080d00000| Untracked 
|  14|0x0000000080e00000, 0x0000000080f00000, 0x0000000080f00000|100%| O|  |TAMS 0x0000000080f00000, 0x0000000080e00000| Untracked 
|  15|0x0000000080f00000, 0x0000000081000000, 0x0000000081000000|100%| O|  |TAMS 0x0000000081000000, 0x0000000080f00000| Untracked 
|  16|0x0000000081000000, 0x0000000081100000, 0x0000000081100000|100%| O|  |TAMS 0x0000000081100000, 0x0000000081000000| Untracked 
|  17|0x0000000081100000, 0x0000000081200000, 0x0000000081200000|100%| O|  |TAMS 0x0000000081200000, 0x0000000081100000| Untracked 
|  18|0x0000000081200000, 0x0000000081300000, 0x0000000081300000|100%| O|  |TAMS 0x0000000081300000, 0x0000000081200000| Untracked 
|  19|0x0000000081300000, 0x0000000081400000, 0x0000000081400000|100%| O|  |TAMS 0x0000000081400000, 0x0000000081300000| Untracked 
|  20|0x0000000081400000, 0x0000000081500000, 0x0000000081500000|100%| O|  |TAMS 0x0000000081500000, 0x0000000081400000| Untracked 
|  21|0x0000000081500000, 0x0000000081600000, 0x0000000081600000|100%| O|  |TAMS 0x0000000081600000, 0x0000000081500000| Untracked 
|  22|0x0000000081600000, 0x0000000081700000, 0x0000000081700000|100%| O|  |TAMS 0x0000000081700000, 0x0000000081600000| Untracked 
|  23|0x0000000081700000, 0x0000000081800000, 0x0000000081800000|100%| O|  |TAMS 0x0000000081800000, 0x0000000081700000| Untracked 
|  24|0x0000000081800000, 0x0000000081900000, 0x0000000081900000|100%| O|  |TAMS 0x0000000081900000, 0x0000000081800000| Untracked 
|  25|0x0000000081900000, 0x0000000081a00000, 0x0000000081a00000|100%| O|  |TAMS 0x0000000081a00000, 0x0000000081900000| Untracked 
|  26|0x0000000081a00000, 0x0000000081b00000, 0x0000000081b00000|100%| O|  |TAMS 0x0000000081b00000, 0x0000000081a00000| Untracked 
|  27|0x0000000081b00000, 0x0000000081c00000, 0x0000000081c00000|100%| O|  |TAMS 0x0000000081c00000, 0x0000000081b00000| Untracked 
|  28|0x0000000081c00000, 0x0000000081d00000, 0x0000000081d00000|100%| O|  |TAMS 0x0000000081d00000, 0x0000000081c00000| Untracked 
|  29|0x0000000081d00000, 0x0000000081e00000, 0x0000000081e00000|100%| O|  |TAMS 0x0000000081e00000, 0x0000000081d00000| Untracked 
|  30|0x0000000081e00000, 0x0000000081f00000, 0x0000000081f00000|100%| O|  |TAMS 0x0000000081f00000, 0x0000000081e00000| Untracked 
|  31|0x0000000081f00000, 0x0000000082000000, 0x0000000082000000|100%| O|  |TAMS 0x0000000082000000, 0x0000000081f00000| Untracked 
|  32|0x0000000082000000, 0x0000000082100000, 0x0000000082100000|100%|HS|  |TAMS 0x0000000082100000, 0x0000000082000000| Complete 
|  33|0x0000000082100000, 0x0000000082200000, 0x0000000082200000|100%|HS|  |TAMS 0x0000000082200000, 0x0000000082100000| Complete 
|  34|0x0000000082200000, 0x0000000082300000, 0x0000000082300000|100%|HS|  |TAMS 0x0000000082300000, 0x0000000082200000| Complete 
|  35|0x0000000082300000, 0x0000000082400000, 0x0000000082400000|100%|HS|  |TAMS 0x0000000082400000, 0x0000000082300000| Complete 
|  36|0x0000000082400000, 0x0000000082500000, 0x0000000082500000|100%|HC|  |TAMS 0x0000000082500000, 0x0000000082400000| Complete 
|  37|0x0000000082500000, 0x0000000082600000, 0x0000000082600000|100%|HC|  |TAMS 0x0000000082600000, 0x0000000082500000| Complete 
|  38|0x0000000082600000, 0x0000000082700000, 0x0000000082700000|100%|HC|  |TAMS 0x0000000082700000, 0x0000000082600000| Complete 
|  39|0x0000000082700000, 0x0000000082800000, 0x0000000082800000|100%| O|  |TAMS 0x0000000082800000, 0x0000000082700000| Untracked 
|  40|0x0000000082800000, 0x0000000082900000, 0x0000000082900000|100%| O|  |TAMS 0x0000000082900000, 0x0000000082800000| Untracked 
|  41|0x0000000082900000, 0x0000000082a00000, 0x0000000082a00000|100%| O|  |TAMS 0x0000000082a00000, 0x0000000082900000| Untracked 
|  42|0x0000000082a00000, 0x0000000082b00000, 0x0000000082b00000|100%| O|  |TAMS 0x0000000082b00000, 0x0000000082a00000| Untracked 
|  43|0x0000000082b00000, 0x0000000082c00000, 0x0000000082c00000|100%| O|  |TAMS 0x0000000082c00000, 0x0000000082b00000| Untracked 
|  44|0x0000000082c00000, 0x0000000082d00000, 0x0000000082d00000|100%| O|  |TAMS 0x0000000082d00000, 0x0000000082c00000| Untracked 
|  45|0x0000000082d00000, 0x0000000082e00000, 0x0000000082e00000|100%| O|  |TAMS 0x0000000082e00000, 0x0000000082d00000| Untracked 
|  46|0x0000000082e00000, 0x0000000082f00000, 0x0000000082f00000|100%| O|  |TAMS 0x0000000082f00000, 0x0000000082e00000| Untracked 
|  47|0x0000000082f00000, 0x0000000083000000, 0x0000000083000000|100%| O|  |TAMS 0x0000000083000000, 0x0000000082f00000| Untracked 
|  48|0x0000000083000000, 0x0000000083100000, 0x0000000083100000|100%| O|  |TAMS 0x0000000083100000, 0x0000000083000000| Untracked 
|  49|0x0000000083100000, 0x0000000083200000, 0x0000000083200000|100%| O|  |TAMS 0x0000000083200000, 0x0000000083100000| Untracked 
|  50|0x0000000083200000, 0x0000000083300000, 0x0000000083300000|100%| O|  |TAMS 0x0000000083300000, 0x0000000083200000| Untracked 
|  51|0x0000000083300000, 0x0000000083400000, 0x0000000083400000|100%| O|  |TAMS 0x0000000083400000, 0x0000000083300000| Untracked 
|  52|0x0000000083400000, 0x0000000083500000, 0x0000000083500000|100%| O|  |TAMS 0x0000000083500000, 0x0000000083400000| Untracked 
|  53|0x0000000083500000, 0x0000000083600000, 0x0000000083600000|100%| O|  |TAMS 0x0000000083600000, 0x0000000083500000| Untracked 
|  54|0x0000000083600000, 0x0000000083700000, 0x0000000083700000|100%| O|  |TAMS 0x0000000083700000, 0x0000000083600000| Untracked 
|  55|0x0000000083700000, 0x0000000083800000, 0x0000000083800000|100%| O|  |TAMS 0x0000000083800000, 0x0000000083700000| Untracked 
|  56|0x0000000083800000, 0x0000000083900000, 0x0000000083900000|100%| O|  |TAMS 0x0000000083900000, 0x0000000083800000| Untracked 
|  57|0x0000000083900000, 0x0000000083a00000, 0x0000000083a00000|100%| O|  |TAMS 0x0000000083a00000, 0x0000000083900000| Untracked 
|  58|0x0000000083a00000, 0x0000000083b00000, 0x0000000083b00000|100%| O|  |TAMS 0x0000000083b00000, 0x0000000083a00000| Untracked 
|  59|0x0000000083b00000, 0x0000000083b00000, 0x0000000083c00000|  0%| F|  |TAMS 0x0000000083b00000, 0x0000000083b00000| Untracked 
|  60|0x0000000083c00000, 0x0000000083d00000, 0x0000000083d00000|100%| O|  |TAMS 0x0000000083c00000, 0x0000000083c00000| Untracked 
|  61|0x0000000083d00000, 0x0000000083e00000, 0x0000000083e00000|100%| O|  |TAMS 0x0000000083e00000, 0x0000000083d00000| Untracked 
|  62|0x0000000083e00000, 0x0000000083f00000, 0x0000000083f00000|100%| O|  |TAMS 0x0000000083e00000, 0x0000000083e00000| Untracked 
|  63|0x0000000083f00000, 0x0000000084000000, 0x0000000084000000|100%| O|  |TAMS 0x0000000083f00000, 0x0000000083f00000| Untracked 
|  64|0x0000000084000000, 0x0000000084100000, 0x0000000084100000|100%| O|  |TAMS 0x0000000084000000, 0x0000000084000000| Untracked 
|  65|0x0000000084100000, 0x0000000084200000, 0x0000000084200000|100%| O|  |TAMS 0x0000000084100000, 0x0000000084100000| Untracked 
|  66|0x0000000084200000, 0x0000000084300000, 0x0000000084300000|100%| O|  |TAMS 0x0000000084200000, 0x0000000084200000| Untracked 
|  67|0x0000000084300000, 0x0000000084400000, 0x0000000084400000|100%| O|  |TAMS 0x0000000084300000, 0x0000000084300000| Untracked 
|  68|0x0000000084400000, 0x0000000084500000, 0x0000000084500000|100%| O|  |TAMS 0x0000000084400000, 0x0000000084400000| Untracked 
|  69|0x0000000084500000, 0x0000000084600000, 0x0000000084600000|100%| O|  |TAMS 0x0000000084500000, 0x0000000084500000| Untracked 
|  70|0x0000000084600000, 0x0000000084700000, 0x0000000084700000|100%| O|  |TAMS 0x0000000084600000, 0x0000000084600000| Untracked 
|  71|0x0000000084700000, 0x00000000847fb600, 0x0000000084800000| 98%| O|  |TAMS 0x0000000084700000, 0x0000000084700000| Untracked 
|  72|0x0000000084800000, 0x0000000084800000, 0x0000000084900000|  0%| F|  |TAMS 0x0000000084800000, 0x0000000084800000| Untracked 
|  73|0x0000000084900000, 0x0000000084900000, 0x0000000084a00000|  0%| F|  |TAMS 0x0000000084900000, 0x0000000084900000| Untracked 
|  74|0x0000000084a00000, 0x0000000084a00000, 0x0000000084b00000|  0%| F|  |TAMS 0x0000000084a00000, 0x0000000084a00000| Untracked 
|  75|0x0000000084b00000, 0x0000000084b00000, 0x0000000084c00000|  0%| F|  |TAMS 0x0000000084b00000, 0x0000000084b00000| Untracked 
|  76|0x0000000084c00000, 0x0000000084c00000, 0x0000000084d00000|  0%| F|  |TAMS 0x0000000084c00000, 0x0000000084c00000| Untracked 
|  77|0x0000000084d00000, 0x0000000084d00000, 0x0000000084e00000|  0%| F|  |TAMS 0x0000000084d00000, 0x0000000084d00000| Untracked 
|  78|0x0000000084e00000, 0x0000000084e00000, 0x0000000084f00000|  0%| F|  |TAMS 0x0000000084e00000, 0x0000000084e00000| Untracked 
|  79|0x0000000084f00000, 0x0000000084f00000, 0x0000000085000000|  0%| F|  |TAMS 0x0000000084f00000, 0x0000000084f00000| Untracked 
|  80|0x0000000085000000, 0x0000000085000000, 0x0000000085100000|  0%| F|  |TAMS 0x0000000085000000, 0x0000000085000000| Untracked 
|  81|0x0000000085100000, 0x0000000085100000, 0x0000000085200000|  0%| F|  |TAMS 0x0000000085100000, 0x0000000085100000| Untracked 
|  82|0x0000000085200000, 0x0000000085200000, 0x0000000085300000|  0%| F|  |TAMS 0x0000000085200000, 0x0000000085200000| Untracked 
|  83|0x0000000085300000, 0x0000000085300000, 0x0000000085400000|  0%| F|  |TAMS 0x0000000085300000, 0x0000000085300000| Untracked 
|  84|0x0000000085400000, 0x0000000085400000, 0x0000000085500000|  0%| F|  |TAMS 0x0000000085400000, 0x0000000085400000| Untracked 
|  85|0x0000000085500000, 0x0000000085500000, 0x0000000085600000|  0%| F|  |TAMS 0x0000000085500000, 0x0000000085500000| Untracked 
|  86|0x0000000085600000, 0x0000000085600000, 0x0000000085700000|  0%| F|  |TAMS 0x0000000085600000, 0x0000000085600000| Untracked 
|  87|0x0000000085700000, 0x0000000085700000, 0x0000000085800000|  0%| F|  |TAMS 0x0000000085700000, 0x0000000085700000| Untracked 
|  88|0x0000000085800000, 0x0000000085800000, 0x0000000085900000|  0%| F|  |TAMS 0x0000000085800000, 0x0000000085800000| Untracked 
|  89|0x0000000085900000, 0x0000000085900000, 0x0000000085a00000|  0%| F|  |TAMS 0x0000000085900000, 0x0000000085900000| Untracked 
|  90|0x0000000085a00000, 0x0000000085a00000, 0x0000000085b00000|  0%| F|  |TAMS 0x0000000085a00000, 0x0000000085a00000| Untracked 
|  91|0x0000000085b00000, 0x0000000085b00000, 0x0000000085c00000|  0%| F|  |TAMS 0x0000000085b00000, 0x0000000085b00000| Untracked 
|  92|0x0000000085c00000, 0x0000000085c00000, 0x0000000085d00000|  0%| F|  |TAMS 0x0000000085c00000, 0x0000000085c00000| Untracked 
|  93|0x0000000085d00000, 0x0000000085d00000, 0x0000000085e00000|  0%| F|  |TAMS 0x0000000085d00000, 0x0000000085d00000| Untracked 
|  94|0x0000000085e00000, 0x0000000085e00000, 0x0000000085f00000|  0%| F|  |TAMS 0x0000000085e00000, 0x0000000085e00000| Untracked 
|  95|0x0000000085f00000, 0x0000000085f00000, 0x0000000086000000|  0%| F|  |TAMS 0x0000000085f00000, 0x0000000085f00000| Untracked 
|  96|0x0000000086000000, 0x0000000086000000, 0x0000000086100000|  0%| F|  |TAMS 0x0000000086000000, 0x0000000086000000| Untracked 
|  97|0x0000000086100000, 0x0000000086100000, 0x0000000086200000|  0%| F|  |TAMS 0x0000000086100000, 0x0000000086100000| Untracked 
|  98|0x0000000086200000, 0x0000000086200000, 0x0000000086300000|  0%| F|  |TAMS 0x0000000086200000, 0x0000000086200000| Untracked 
|  99|0x0000000086300000, 0x0000000086300000, 0x0000000086400000|  0%| F|  |TAMS 0x0000000086300000, 0x0000000086300000| Untracked 
| 100|0x0000000086400000, 0x0000000086400000, 0x0000000086500000|  0%| F|  |TAMS 0x0000000086400000, 0x0000000086400000| Untracked 
| 101|0x0000000086500000, 0x0000000086500000, 0x0000000086600000|  0%| F|  |TAMS 0x0000000086500000, 0x0000000086500000| Untracked 
| 102|0x0000000086600000, 0x0000000086600000, 0x0000000086700000|  0%| F|  |TAMS 0x0000000086600000, 0x0000000086600000| Untracked 
| 103|0x0000000086700000, 0x0000000086700000, 0x0000000086800000|  0%| F|  |TAMS 0x0000000086700000, 0x0000000086700000| Untracked 
| 104|0x0000000086800000, 0x0000000086800000, 0x0000000086900000|  0%| F|  |TAMS 0x0000000086800000, 0x0000000086800000| Untracked 
| 105|0x0000000086900000, 0x0000000086900000, 0x0000000086a00000|  0%| F|  |TAMS 0x0000000086900000, 0x0000000086900000| Untracked 
| 106|0x0000000086a00000, 0x0000000086a00000, 0x0000000086b00000|  0%| F|  |TAMS 0x0000000086a00000, 0x0000000086a00000| Untracked 
| 107|0x0000000086b00000, 0x0000000086b00000, 0x0000000086c00000|  0%| F|  |TAMS 0x0000000086b00000, 0x0000000086b00000| Untracked 
| 108|0x0000000086c00000, 0x0000000086c00000, 0x0000000086d00000|  0%| F|  |TAMS 0x0000000086c00000, 0x0000000086c00000| Untracked 
| 109|0x0000000086d00000, 0x0000000086d00000, 0x0000000086e00000|  0%| F|  |TAMS 0x0000000086d00000, 0x0000000086d00000| Untracked 
| 110|0x0000000086e00000, 0x0000000086e00000, 0x0000000086f00000|  0%| F|  |TAMS 0x0000000086e00000, 0x0000000086e00000| Untracked 
| 111|0x0000000086f00000, 0x0000000086f00000, 0x0000000087000000|  0%| F|  |TAMS 0x0000000086f00000, 0x0000000086f00000| Untracked 
| 112|0x0000000087000000, 0x0000000087000000, 0x0000000087100000|  0%| F|  |TAMS 0x0000000087000000, 0x0000000087000000| Untracked 
| 113|0x0000000087100000, 0x0000000087100000, 0x0000000087200000|  0%| F|  |TAMS 0x0000000087100000, 0x0000000087100000| Untracked 
| 114|0x0000000087200000, 0x0000000087200000, 0x0000000087300000|  0%| F|  |TAMS 0x0000000087200000, 0x0000000087200000| Untracked 
| 115|0x0000000087300000, 0x0000000087300000, 0x0000000087400000|  0%| F|  |TAMS 0x0000000087300000, 0x0000000087300000| Untracked 
| 116|0x0000000087400000, 0x0000000087400000, 0x0000000087500000|  0%| F|  |TAMS 0x0000000087400000, 0x0000000087400000| Untracked 
| 117|0x0000000087500000, 0x0000000087500000, 0x0000000087600000|  0%| F|  |TAMS 0x0000000087500000, 0x0000000087500000| Untracked 
| 118|0x0000000087600000, 0x0000000087600000, 0x0000000087700000|  0%| F|  |TAMS 0x0000000087600000, 0x0000000087600000| Untracked 
| 119|0x0000000087700000, 0x0000000087700000, 0x0000000087800000|  0%| F|  |TAMS 0x0000000087700000, 0x0000000087700000| Untracked 
| 120|0x0000000087800000, 0x0000000087800000, 0x0000000087900000|  0%| F|  |TAMS 0x0000000087800000, 0x0000000087800000| Untracked 
| 121|0x0000000087900000, 0x0000000087900000, 0x0000000087a00000|  0%| F|  |TAMS 0x0000000087900000, 0x0000000087900000| Untracked 
| 122|0x0000000087a00000, 0x0000000087a00000, 0x0000000087b00000|  0%| F|  |TAMS 0x0000000087a00000, 0x0000000087a00000| Untracked 
| 123|0x0000000087b00000, 0x0000000087b00000, 0x0000000087c00000|  0%| F|  |TAMS 0x0000000087b00000, 0x0000000087b00000| Untracked 
| 124|0x0000000087c00000, 0x0000000087c00000, 0x0000000087d00000|  0%| F|  |TAMS 0x0000000087c00000, 0x0000000087c00000| Untracked 
| 125|0x0000000087d00000, 0x0000000087d00000, 0x0000000087e00000|  0%| F|  |TAMS 0x0000000087d00000, 0x0000000087d00000| Untracked 
| 126|0x0000000087e00000, 0x0000000087e00000, 0x0000000087f00000|  0%| F|  |TAMS 0x0000000087e00000, 0x0000000087e00000| Untracked 
| 127|0x0000000087f00000, 0x0000000087f00000, 0x0000000088000000|  0%| F|  |TAMS 0x0000000087f00000, 0x0000000087f00000| Untracked 
| 128|0x0000000088000000, 0x0000000088000000, 0x0000000088100000|  0%| F|  |TAMS 0x0000000088000000, 0x0000000088000000| Untracked 
| 129|0x0000000088100000, 0x0000000088100000, 0x0000000088200000|  0%| F|  |TAMS 0x0000000088100000, 0x0000000088100000| Untracked 
| 130|0x0000000088200000, 0x0000000088200000, 0x0000000088300000|  0%| F|  |TAMS 0x0000000088200000, 0x0000000088200000| Untracked 
| 131|0x0000000088300000, 0x0000000088300000, 0x0000000088400000|  0%| F|  |TAMS 0x0000000088300000, 0x0000000088300000| Untracked 
| 132|0x0000000088400000, 0x0000000088400000, 0x0000000088500000|  0%| F|  |TAMS 0x0000000088400000, 0x0000000088400000| Untracked 
| 133|0x0000000088500000, 0x0000000088500000, 0x0000000088600000|  0%| F|  |TAMS 0x0000000088500000, 0x0000000088500000| Untracked 
| 134|0x0000000088600000, 0x0000000088600000, 0x0000000088700000|  0%| F|  |TAMS 0x0000000088600000, 0x0000000088600000| Untracked 
| 135|0x0000000088700000, 0x0000000088700000, 0x0000000088800000|  0%| F|  |TAMS 0x0000000088700000, 0x0000000088700000| Untracked 
| 136|0x0000000088800000, 0x0000000088800000, 0x0000000088900000|  0%| F|  |TAMS 0x0000000088800000, 0x0000000088800000| Untracked 
| 137|0x0000000088900000, 0x0000000088900000, 0x0000000088a00000|  0%| F|  |TAMS 0x0000000088900000, 0x0000000088900000| Untracked 
| 138|0x0000000088a00000, 0x0000000088a00000, 0x0000000088b00000|  0%| F|  |TAMS 0x0000000088a00000, 0x0000000088a00000| Untracked 
| 139|0x0000000088b00000, 0x0000000088b00000, 0x0000000088c00000|  0%| F|  |TAMS 0x0000000088b00000, 0x0000000088b00000| Untracked 
| 140|0x0000000088c00000, 0x0000000088c00000, 0x0000000088d00000|  0%| F|  |TAMS 0x0000000088c00000, 0x0000000088c00000| Untracked 
| 141|0x0000000088d00000, 0x0000000088d00000, 0x0000000088e00000|  0%| F|  |TAMS 0x0000000088d00000, 0x0000000088d00000| Untracked 
| 142|0x0000000088e00000, 0x0000000088e00000, 0x0000000088f00000|  0%| F|  |TAMS 0x0000000088e00000, 0x0000000088e00000| Untracked 
| 143|0x0000000088f00000, 0x0000000088f00000, 0x0000000089000000|  0%| F|  |TAMS 0x0000000088f00000, 0x0000000088f00000| Untracked 
| 144|0x0000000089000000, 0x0000000089000000, 0x0000000089100000|  0%| F|  |TAMS 0x0000000089000000, 0x0000000089000000| Untracked 
| 145|0x0000000089100000, 0x0000000089100000, 0x0000000089200000|  0%| F|  |TAMS 0x0000000089100000, 0x0000000089100000| Untracked 
| 146|0x0000000089200000, 0x0000000089200000, 0x0000000089300000|  0%| F|  |TAMS 0x0000000089200000, 0x0000000089200000| Untracked 
| 147|0x0000000089300000, 0x0000000089300000, 0x0000000089400000|  0%| F|  |TAMS 0x0000000089300000, 0x0000000089300000| Untracked 
| 148|0x0000000089400000, 0x0000000089400000, 0x0000000089500000|  0%| F|  |TAMS 0x0000000089400000, 0x0000000089400000| Untracked 
| 149|0x0000000089500000, 0x0000000089500000, 0x0000000089600000|  0%| F|  |TAMS 0x0000000089500000, 0x0000000089500000| Untracked 
| 150|0x0000000089600000, 0x0000000089600000, 0x0000000089700000|  0%| F|  |TAMS 0x0000000089600000, 0x0000000089600000| Untracked 
| 151|0x0000000089700000, 0x0000000089700000, 0x0000000089800000|  0%| F|  |TAMS 0x0000000089700000, 0x0000000089700000| Untracked 
| 152|0x0000000089800000, 0x0000000089800000, 0x0000000089900000|  0%| F|  |TAMS 0x0000000089800000, 0x0000000089800000| Untracked 
| 153|0x0000000089900000, 0x0000000089900000, 0x0000000089a00000|  0%| F|  |TAMS 0x0000000089900000, 0x0000000089900000| Untracked 
| 154|0x0000000089a00000, 0x0000000089a00000, 0x0000000089b00000|  0%| F|  |TAMS 0x0000000089a00000, 0x0000000089a00000| Untracked 
| 155|0x0000000089b00000, 0x0000000089b00000, 0x0000000089c00000|  0%| F|  |TAMS 0x0000000089b00000, 0x0000000089b00000| Untracked 
| 156|0x0000000089c00000, 0x0000000089c00000, 0x0000000089d00000|  0%| F|  |TAMS 0x0000000089c00000, 0x0000000089c00000| Untracked 
| 157|0x0000000089d00000, 0x0000000089d00000, 0x0000000089e00000|  0%| F|  |TAMS 0x0000000089d00000, 0x0000000089d00000| Untracked 
| 158|0x0000000089e00000, 0x0000000089e00000, 0x0000000089f00000|  0%| F|  |TAMS 0x0000000089e00000, 0x0000000089e00000| Untracked 
| 159|0x0000000089f00000, 0x0000000089f00000, 0x000000008a000000|  0%| F|  |TAMS 0x0000000089f00000, 0x0000000089f00000| Untracked 
| 160|0x000000008a000000, 0x000000008a000000, 0x000000008a100000|  0%| F|  |TAMS 0x000000008a000000, 0x000000008a000000| Untracked 
| 161|0x000000008a100000, 0x000000008a100000, 0x000000008a200000|  0%| F|  |TAMS 0x000000008a100000, 0x000000008a100000| Untracked 
| 162|0x000000008a200000, 0x000000008a200000, 0x000000008a300000|  0%| F|  |TAMS 0x000000008a200000, 0x000000008a200000| Untracked 
| 163|0x000000008a300000, 0x000000008a300000, 0x000000008a400000|  0%| F|  |TAMS 0x000000008a300000, 0x000000008a300000| Untracked 
| 164|0x000000008a400000, 0x000000008a400000, 0x000000008a500000|  0%| F|  |TAMS 0x000000008a400000, 0x000000008a400000| Untracked 
| 165|0x000000008a500000, 0x000000008a500000, 0x000000008a600000|  0%| F|  |TAMS 0x000000008a500000, 0x000000008a500000| Untracked 
| 166|0x000000008a600000, 0x000000008a600000, 0x000000008a700000|  0%| F|  |TAMS 0x000000008a600000, 0x000000008a600000| Untracked 
| 167|0x000000008a700000, 0x000000008a700000, 0x000000008a800000|  0%| F|  |TAMS 0x000000008a700000, 0x000000008a700000| Untracked 
| 168|0x000000008a800000, 0x000000008a800000, 0x000000008a900000|  0%| F|  |TAMS 0x000000008a800000, 0x000000008a800000| Untracked 
| 169|0x000000008a900000, 0x000000008a900000, 0x000000008aa00000|  0%| F|  |TAMS 0x000000008a900000, 0x000000008a900000| Untracked 
| 170|0x000000008aa00000, 0x000000008aa00000, 0x000000008ab00000|  0%| F|  |TAMS 0x000000008aa00000, 0x000000008aa00000| Untracked 
| 171|0x000000008ab00000, 0x000000008ab00000, 0x000000008ac00000|  0%| F|  |TAMS 0x000000008ab00000, 0x000000008ab00000| Untracked 
| 172|0x000000008ac00000, 0x000000008ac00000, 0x000000008ad00000|  0%| F|  |TAMS 0x000000008ac00000, 0x000000008ac00000| Untracked 
| 173|0x000000008ad00000, 0x000000008ad00000, 0x000000008ae00000|  0%| F|  |TAMS 0x000000008ad00000, 0x000000008ad00000| Untracked 
| 174|0x000000008ae00000, 0x000000008ae00000, 0x000000008af00000|  0%| F|  |TAMS 0x000000008ae00000, 0x000000008ae00000| Untracked 
| 175|0x000000008af00000, 0x000000008af00000, 0x000000008b000000|  0%| F|  |TAMS 0x000000008af00000, 0x000000008af00000| Untracked 
| 176|0x000000008b000000, 0x000000008b000000, 0x000000008b100000|  0%| F|  |TAMS 0x000000008b000000, 0x000000008b000000| Untracked 
| 177|0x000000008b100000, 0x000000008b100000, 0x000000008b200000|  0%| F|  |TAMS 0x000000008b100000, 0x000000008b100000| Untracked 
| 178|0x000000008b200000, 0x000000008b200000, 0x000000008b300000|  0%| F|  |TAMS 0x000000008b200000, 0x000000008b200000| Untracked 
| 179|0x000000008b300000, 0x000000008b300000, 0x000000008b400000|  0%| F|  |TAMS 0x000000008b300000, 0x000000008b300000| Untracked 
| 180|0x000000008b400000, 0x000000008b400000, 0x000000008b500000|  0%| F|  |TAMS 0x000000008b400000, 0x000000008b400000| Untracked 
| 181|0x000000008b500000, 0x000000008b500000, 0x000000008b600000|  0%| F|  |TAMS 0x000000008b500000, 0x000000008b500000| Untracked 
| 182|0x000000008b600000, 0x000000008b600000, 0x000000008b700000|  0%| F|  |TAMS 0x000000008b600000, 0x000000008b600000| Untracked 
| 183|0x000000008b700000, 0x000000008b700000, 0x000000008b800000|  0%| F|  |TAMS 0x000000008b700000, 0x000000008b700000| Untracked 
| 184|0x000000008b800000, 0x000000008b800000, 0x000000008b900000|  0%| F|  |TAMS 0x000000008b800000, 0x000000008b800000| Untracked 
| 185|0x000000008b900000, 0x000000008b900000, 0x000000008ba00000|  0%| F|  |TAMS 0x000000008b900000, 0x000000008b900000| Untracked 
| 186|0x000000008ba00000, 0x000000008ba00000, 0x000000008bb00000|  0%| F|  |TAMS 0x000000008ba00000, 0x000000008ba00000| Untracked 
| 187|0x000000008bb00000, 0x000000008bb00000, 0x000000008bc00000|  0%| F|  |TAMS 0x000000008bb00000, 0x000000008bb00000| Untracked 
| 188|0x000000008bc00000, 0x000000008bc00000, 0x000000008bd00000|  0%| F|  |TAMS 0x000000008bc00000, 0x000000008bc00000| Untracked 
| 189|0x000000008bd00000, 0x000000008bd00000, 0x000000008be00000|  0%| F|  |TAMS 0x000000008bd00000, 0x000000008bd00000| Untracked 
| 190|0x000000008be00000, 0x000000008be00000, 0x000000008bf00000|  0%| F|  |TAMS 0x000000008be00000, 0x000000008be00000| Untracked 
| 191|0x000000008bf00000, 0x000000008bf00000, 0x000000008c000000|  0%| F|  |TAMS 0x000000008bf00000, 0x000000008bf00000| Untracked 
| 192|0x000000008c000000, 0x000000008c000000, 0x000000008c100000|  0%| F|  |TAMS 0x000000008c000000, 0x000000008c000000| Untracked 
| 193|0x000000008c100000, 0x000000008c100000, 0x000000008c200000|  0%| F|  |TAMS 0x000000008c100000, 0x000000008c100000| Untracked 
| 194|0x000000008c200000, 0x000000008c280800, 0x000000008c300000| 50%| E|  |TAMS 0x000000008c200000, 0x000000008c200000| Complete 
| 195|0x000000008c300000, 0x000000008c400000, 0x000000008c400000|100%| E|CS|TAMS 0x000000008c300000, 0x000000008c300000| Complete 
| 196|0x000000008c400000, 0x000000008c500000, 0x000000008c500000|100%| E|CS|TAMS 0x000000008c400000, 0x000000008c400000| Complete 
| 197|0x000000008c500000, 0x000000008c600000, 0x000000008c600000|100%| E|CS|TAMS 0x000000008c500000, 0x000000008c500000| Complete 
| 198|0x000000008c600000, 0x000000008c700000, 0x000000008c700000|100%| E|CS|TAMS 0x000000008c600000, 0x000000008c600000| Complete 
| 199|0x000000008c700000, 0x000000008c800000, 0x000000008c800000|100%| E|CS|TAMS 0x000000008c700000, 0x000000008c700000| Complete 
| 200|0x000000008c800000, 0x000000008c900000, 0x000000008c900000|100%| E|CS|TAMS 0x000000008c800000, 0x000000008c800000| Complete 
| 201|0x000000008c900000, 0x000000008ca00000, 0x000000008ca00000|100%| E|CS|TAMS 0x000000008c900000, 0x000000008c900000| Complete 
| 202|0x000000008ca00000, 0x000000008cb00000, 0x000000008cb00000|100%| E|CS|TAMS 0x000000008ca00000, 0x000000008ca00000| Complete 
| 203|0x000000008cb00000, 0x000000008cc00000, 0x000000008cc00000|100%| E|CS|TAMS 0x000000008cb00000, 0x000000008cb00000| Complete 
| 204|0x000000008cc00000, 0x000000008cd00000, 0x000000008cd00000|100%| E|CS|TAMS 0x000000008cc00000, 0x000000008cc00000| Complete 
| 205|0x000000008cd00000, 0x000000008ce00000, 0x000000008ce00000|100%| E|CS|TAMS 0x000000008cd00000, 0x000000008cd00000| Complete 
| 206|0x000000008ce00000, 0x000000008cf00000, 0x000000008cf00000|100%| E|CS|TAMS 0x000000008ce00000, 0x000000008ce00000| Complete 
| 207|0x000000008cf00000, 0x000000008d000000, 0x000000008d000000|100%| E|CS|TAMS 0x000000008cf00000, 0x000000008cf00000| Complete 
| 208|0x000000008d000000, 0x000000008d100000, 0x000000008d100000|100%| E|CS|TAMS 0x000000008d000000, 0x000000008d000000| Complete 
| 209|0x000000008d100000, 0x000000008d200000, 0x000000008d200000|100%| E|CS|TAMS 0x000000008d100000, 0x000000008d100000| Complete 
| 210|0x000000008d200000, 0x000000008d300000, 0x000000008d300000|100%| E|CS|TAMS 0x000000008d200000, 0x000000008d200000| Complete 
| 211|0x000000008d300000, 0x000000008d400000, 0x000000008d400000|100%| E|CS|TAMS 0x000000008d300000, 0x000000008d300000| Complete 
| 212|0x000000008d400000, 0x000000008d500000, 0x000000008d500000|100%| E|CS|TAMS 0x000000008d400000, 0x000000008d400000| Complete 
| 213|0x000000008d500000, 0x000000008d600000, 0x000000008d600000|100%| E|CS|TAMS 0x000000008d500000, 0x000000008d500000| Complete 
| 214|0x000000008d600000, 0x000000008d700000, 0x000000008d700000|100%| E|CS|TAMS 0x000000008d600000, 0x000000008d600000| Complete 
| 215|0x000000008d700000, 0x000000008d800000, 0x000000008d800000|100%| E|CS|TAMS 0x000000008d700000, 0x000000008d700000| Complete 
| 216|0x000000008d800000, 0x000000008d900000, 0x000000008d900000|100%| E|CS|TAMS 0x000000008d800000, 0x000000008d800000| Complete 
| 217|0x000000008d900000, 0x000000008da00000, 0x000000008da00000|100%| E|CS|TAMS 0x000000008d900000, 0x000000008d900000| Complete 
| 218|0x000000008da00000, 0x000000008db00000, 0x000000008db00000|100%| E|CS|TAMS 0x000000008da00000, 0x000000008da00000| Complete 
| 219|0x000000008db00000, 0x000000008dc00000, 0x000000008dc00000|100%| E|CS|TAMS 0x000000008db00000, 0x000000008db00000| Complete 
| 220|0x000000008dc00000, 0x000000008dd00000, 0x000000008dd00000|100%| E|CS|TAMS 0x000000008dc00000, 0x000000008dc00000| Complete 
| 221|0x000000008dd00000, 0x000000008de00000, 0x000000008de00000|100%| E|CS|TAMS 0x000000008dd00000, 0x000000008dd00000| Complete 
| 222|0x000000008de00000, 0x000000008df00000, 0x000000008df00000|100%| E|CS|TAMS 0x000000008de00000, 0x000000008de00000| Complete 
| 223|0x000000008df00000, 0x000000008e000000, 0x000000008e000000|100%| E|CS|TAMS 0x000000008df00000, 0x000000008df00000| Complete 
| 224|0x000000008e000000, 0x000000008e100000, 0x000000008e100000|100%| E|CS|TAMS 0x000000008e000000, 0x000000008e000000| Complete 
| 225|0x000000008e100000, 0x000000008e200000, 0x000000008e200000|100%| E|CS|TAMS 0x000000008e100000, 0x000000008e100000| Complete 
| 226|0x000000008e200000, 0x000000008e300000, 0x000000008e300000|100%| E|CS|TAMS 0x000000008e200000, 0x000000008e200000| Complete 
| 291|0x0000000092300000, 0x0000000092400000, 0x0000000092400000|100%| E|CS|TAMS 0x0000000092300000, 0x0000000092300000| Complete 
| 292|0x0000000092400000, 0x0000000092500000, 0x0000000092500000|100%| E|CS|TAMS 0x0000000092400000, 0x0000000092400000| Complete 
| 293|0x0000000092500000, 0x0000000092600000, 0x0000000092600000|100%| E|CS|TAMS 0x0000000092500000, 0x0000000092500000| Complete 
| 294|0x0000000092600000, 0x0000000092700000, 0x0000000092700000|100%| E|CS|TAMS 0x0000000092600000, 0x0000000092600000| Complete 
| 295|0x0000000092700000, 0x0000000092774140, 0x0000000092800000| 45%| S|CS|TAMS 0x0000000092700000, 0x0000000092700000| Complete 
| 296|0x0000000092800000, 0x0000000092900000, 0x0000000092900000|100%| S|CS|TAMS 0x0000000092800000, 0x0000000092800000| Complete 
| 297|0x0000000092900000, 0x0000000092a00000, 0x0000000092a00000|100%| E|CS|TAMS 0x0000000092900000, 0x0000000092900000| Complete 

Card table byte_map: [0x0000016a97620000,0x0000016a97a20000] _byte_map_base: 0x0000016a97220000

Marking Bits (Prev, Next): (CMBitMap*) 0x0000016a84a7b910, (CMBitMap*) 0x0000016a84a7b8d0
 Prev Bits: [0x0000016a99e20000, 0x0000016a9be20000)
 Next Bits: [0x0000016a97e20000, 0x0000016a99e20000)

Polling page: 0x0000016a829b0000

Metaspace:

Usage:
  Non-class:     76.70 MB used.
      Class:     11.99 MB used.
       Both:     88.69 MB used.

Virtual space:
  Non-class space:       80.00 MB reserved,      77.00 MB ( 96%) committed,  10 nodes.
      Class space:        1.00 GB reserved,      12.25 MB (  1%) committed,  1 nodes.
             Both:        1.08 GB reserved,      89.25 MB (  8%) committed. 

Chunk freelists:
   Non-Class:  2.72 MB
       Class:  3.76 MB
        Both:  6.49 MB

MaxMetaspaceSize: unlimited
CompressedClassSpaceSize: 1.00 GB
Initial GC threshold: 21.00 MB
Current GC threshold: 121.88 MB
CDS: off
MetaspaceReclaimPolicy: balanced
 - commit_granule_bytes: 65536.
 - commit_granule_words: 8192.
 - virtual_space_node_default_size: 1048576.
 - enlarge_chunks_in_place: 1.
 - new_chunks_are_fully_committed: 0.
 - uncommit_free_chunks: 1.
 - use_allocation_guard: 0.
 - handle_deallocations: 1.


Internal statistics:

num_allocs_failed_limit: 6.
num_arena_births: 742.
num_arena_deaths: 0.
num_vsnodes_births: 11.
num_vsnodes_deaths: 0.
num_space_committed: 1428.
num_space_uncommitted: 0.
num_chunks_returned_to_freelist: 6.
num_chunks_taken_from_freelist: 3863.
num_chunk_merges: 3.
num_chunk_splits: 2552.
num_chunks_enlarged: 1711.
num_purges: 0.
num_inconsistent_stats: 0.

CodeHeap 'non-profiled nmethods': size=120000Kb used=5452Kb max_used=5452Kb free=114547Kb
 bounds [0x0000016a8f9c0000, 0x0000016a8ff20000, 0x0000016a96ef0000]
CodeHeap 'profiled nmethods': size=120000Kb used=16552Kb max_used=16552Kb free=103447Kb
 bounds [0x0000016a87ef0000, 0x0000016a88f20000, 0x0000016a8f420000]
CodeHeap 'non-nmethods': size=5760Kb used=2411Kb max_used=2484Kb free=3348Kb
 bounds [0x0000016a8f420000, 0x0000016a8f6a0000, 0x0000016a8f9c0000]
 total_blobs=9321 nmethods=8373 adapters=860
 compilation: enabled
              stopped_count=0, restarted_count=0
 full_count=0

Compilation events (20 events):
Event: 10.826 Thread 0x0000016a9f485f40 9179       3       org.gradle.internal.reflect.annotations.impl.DefaultTypeAnnotationMetadata::isAnnotationPresent (9 bytes)
Event: 10.826 Thread 0x0000016a9f485f40 nmethod 9179 0x0000016a88eef090 code [0x0000016a88eef240, 0x0000016a88eef408]
Event: 10.826 Thread 0x0000016a9f485f40 9181       3       org.gradle.api.internal.tasks.properties.annotations.PropertyAnnotationHandlerSupport$$Lambda$682/0x0000000100816290::test (12 bytes)
Event: 10.826 Thread 0x0000016a9f485f40 nmethod 9181 0x0000016a88eef510 code [0x0000016a88eef6c0, 0x0000016a88eef8e8]
Event: 10.826 Thread 0x0000016a9f485f40 9182       3       org.gradle.api.internal.tasks.properties.bean.AbstractNestedRuntimeBeanNode$BeanPropertyValue::<init> (35 bytes)
Event: 10.827 Thread 0x0000016a9f485f40 nmethod 9182 0x0000016a88eefa10 code [0x0000016a88eefc60, 0x0000016a88ef05d8]
Event: 10.827 Thread 0x0000016a9f485f40 9183       3       org.gradle.api.internal.tasks.properties.bean.AbstractNestedRuntimeBeanNode$BeanPropertyValue$1::<init> (10 bytes)
Event: 10.827 Thread 0x0000016a9f485f40 nmethod 9183 0x0000016a88ef0910 code [0x0000016a88ef0aa0, 0x0000016a88ef0c78]
Event: 10.827 Thread 0x0000016a9f485f40 9184       3       org.gradle.api.internal.tasks.properties.bean.AbstractNestedRuntimeBeanNode$1::<init> (20 bytes)
Event: 10.827 Thread 0x0000016a9f485f40 nmethod 9184 0x0000016a88ef0d90 code [0x0000016a88ef0f40, 0x0000016a88ef11b8]
Event: 10.827 Thread 0x0000016a9f485f40 9180       1       org.gradle.model.internal.type.ParameterizedTypeWrapper::getActualTypeArguments (5 bytes)
Event: 10.827 Thread 0x0000016a9f485f40 nmethod 9180 0x0000016a8ff09790 code [0x0000016a8ff09920, 0x0000016a8ff099f8]
Event: 10.829 Thread 0x0000016a9f485f40 9185   !   3       jdk.internal.reflect.GeneratedConstructorAccessor45::newInstance (53 bytes)
Event: 10.829 Thread 0x0000016aa2500d40 nmethod 9159 0x0000016a8ff09a90 code [0x0000016a8ff09c20, 0x0000016a8ff09f38]
Event: 10.829 Thread 0x0000016aa2500d40 9164       4       com.google.common.collect.ImmutableSet$RegularSetBuilderImpl::<init> (38 bytes)
Event: 10.829 Thread 0x0000016a9f485f40 nmethod 9185 0x0000016a88ef1290 code [0x0000016a88ef14c0, 0x0000016a88ef1d28]
Event: 10.830 Thread 0x0000016a9f485890 nmethod 9158 0x0000016a8ff0a110 code [0x0000016a8ff0a2e0, 0x0000016a8ff0a868]
Event: 10.830 Thread 0x0000016a9f485890 9186       4       org.gradle.internal.instantiation.generator.AbstractClassGenerator$InjectionAnnotationValidator::validateMethod (502 bytes)
Event: 10.835 Thread 0x0000016aa2500d40 nmethod 9164 0x0000016a8ff0ad90 code [0x0000016a8ff0af40, 0x0000016a8ff0b538]
Event: 10.835 Thread 0x0000016aa2500d40 9189   !   4       org.gradle.api.internal.attributes.DefaultImmutableAttributesFactory::doConcatIsolatable (128 bytes)

GC Heap History (20 events):
Event: 6.998 GC heap before
{Heap before GC invocations=22 (full 0):
 garbage-first heap   total 110592K, used 59328K [0x0000000080000000, 0x0000000100000000)
  region size 1024K, 5 young (5120K), 3 survivors (3072K)
 Metaspace       used 67051K, committed 67584K, reserved 1114112K
  class space    used 8817K, committed 9088K, reserved 1048576K
}
Event: 7.002 GC heap after
{Heap after GC invocations=23 (full 0):
 garbage-first heap   total 110592K, used 57942K [0x0000000080000000, 0x0000000100000000)
  region size 1024K, 1 young (1024K), 1 survivors (1024K)
 Metaspace       used 67051K, committed 67584K, reserved 1114112K
  class space    used 8817K, committed 9088K, reserved 1048576K
}
Event: 7.005 GC heap before
{Heap before GC invocations=23 (full 0):
 garbage-first heap   total 110592K, used 57942K [0x0000000080000000, 0x0000000100000000)
  region size 1024K, 2 young (2048K), 1 survivors (1024K)
 Metaspace       used 67051K, committed 67584K, reserved 1114112K
  class space    used 8817K, committed 9088K, reserved 1048576K
}
Event: 7.006 GC heap after
{Heap after GC invocations=24 (full 0):
 garbage-first heap   total 110592K, used 58792K [0x0000000080000000, 0x0000000100000000)
  region size 1024K, 2 young (2048K), 2 survivors (2048K)
 Metaspace       used 67051K, committed 67584K, reserved 1114112K
  class space    used 8817K, committed 9088K, reserved 1048576K
}
Event: 7.179 GC heap before
{Heap before GC invocations=25 (full 0):
 garbage-first heap   total 122880K, used 82344K [0x0000000080000000, 0x0000000100000000)
  region size 1024K, 20 young (20480K), 2 survivors (2048K)
 Metaspace       used 68280K, committed 68736K, reserved 1114112K
  class space    used 8988K, committed 9216K, reserved 1048576K
}
Event: 7.181 GC heap after
{Heap after GC invocations=26 (full 0):
 garbage-first heap   total 122880K, used 61411K [0x0000000080000000, 0x0000000100000000)
  region size 1024K, 2 young (2048K), 2 survivors (2048K)
 Metaspace       used 68280K, committed 68736K, reserved 1114112K
  class space    used 8988K, committed 9216K, reserved 1048576K
}
Event: 7.240 GC heap before
{Heap before GC invocations=26 (full 0):
 garbage-first heap   total 122880K, used 65507K [0x0000000080000000, 0x0000000100000000)
  region size 1024K, 6 young (6144K), 2 survivors (2048K)
 Metaspace       used 68721K, committed 69312K, reserved 1114112K
  class space    used 9045K, committed 9344K, reserved 1048576K
}
Event: 7.242 GC heap after
{Heap after GC invocations=27 (full 0):
 garbage-first heap   total 122880K, used 61373K [0x0000000080000000, 0x0000000100000000)
  region size 1024K, 1 young (1024K), 1 survivors (1024K)
 Metaspace       used 68721K, committed 69312K, reserved 1114112K
  class space    used 9045K, committed 9344K, reserved 1048576K
}
Event: 7.564 GC heap before
{Heap before GC invocations=27 (full 0):
 garbage-first heap   total 122880K, used 83901K [0x0000000080000000, 0x0000000100000000)
  region size 1024K, 24 young (24576K), 1 survivors (1024K)
 Metaspace       used 70704K, committed 71232K, reserved 1114112K
  class space    used 9274K, committed 9536K, reserved 1048576K
}
Event: 7.567 GC heap after
{Heap after GC invocations=28 (full 0):
 garbage-first heap   total 122880K, used 63271K [0x0000000080000000, 0x0000000100000000)
  region size 1024K, 3 young (3072K), 3 survivors (3072K)
 Metaspace       used 70704K, committed 71232K, reserved 1114112K
  class space    used 9274K, committed 9536K, reserved 1048576K
}
Event: 7.976 GC heap before
{Heap before GC invocations=29 (full 0):
 garbage-first heap   total 122880K, used 87847K [0x0000000080000000, 0x0000000100000000)
  region size 1024K, 29 young (29696K), 3 survivors (3072K)
 Metaspace       used 73708K, committed 74240K, reserved 1114112K
  class space    used 9671K, committed 9920K, reserved 1048576K
}
Event: 7.979 GC heap after
{Heap after GC invocations=30 (full 0):
 garbage-first heap   total 122880K, used 61373K [0x0000000080000000, 0x0000000100000000)
  region size 1024K, 4 young (4096K), 4 survivors (4096K)
 Metaspace       used 73708K, committed 74240K, reserved 1114112K
  class space    used 9671K, committed 9920K, reserved 1048576K
}
Event: 8.000 GC heap before
{Heap before GC invocations=30 (full 0):
 garbage-first heap   total 122880K, used 63421K [0x0000000080000000, 0x0000000100000000)
  region size 1024K, 6 young (6144K), 4 survivors (4096K)
 Metaspace       used 73815K, committed 74304K, reserved 1114112K
  class space    used 9688K, committed 9920K, reserved 1048576K
}
Event: 8.003 GC heap after
{Heap after GC invocations=31 (full 0):
 garbage-first heap   total 122880K, used 61511K [0x0000000080000000, 0x0000000100000000)
  region size 1024K, 1 young (1024K), 1 survivors (1024K)
 Metaspace       used 73815K, committed 74304K, reserved 1114112K
  class space    used 9688K, committed 9920K, reserved 1048576K
}
Event: 8.261 GC heap before
{Heap before GC invocations=31 (full 0):
 garbage-first heap   total 122880K, used 91207K [0x0000000080000000, 0x0000000100000000)
  region size 1024K, 30 young (30720K), 1 survivors (1024K)
 Metaspace       used 74248K, committed 74816K, reserved 1114112K
  class space    used 9756K, committed 9984K, reserved 1048576K
}
Event: 8.266 GC heap after
{Heap after GC invocations=32 (full 0):
 garbage-first heap   total 305152K, used 63683K [0x0000000080000000, 0x0000000100000000)
  region size 1024K, 3 young (3072K), 3 survivors (3072K)
 Metaspace       used 74248K, committed 74816K, reserved 1114112K
  class space    used 9756K, committed 9984K, reserved 1048576K
}
Event: 10.368 GC heap before
{Heap before GC invocations=33 (full 0):
 garbage-first heap   total 239616K, used 199875K [0x0000000080000000, 0x0000000100000000)
  region size 1024K, 137 young (140288K), 3 survivors (3072K)
 Metaspace       used 87425K, committed 88000K, reserved 1130496K
  class space    used 11861K, committed 12096K, reserved 1048576K
}
Event: 10.379 GC heap after
{Heap after GC invocations=34 (full 0):
 garbage-first heap   total 239616K, used 72914K [0x0000000080000000, 0x0000000100000000)
  region size 1024K, 12 young (12288K), 12 survivors (12288K)
 Metaspace       used 87425K, committed 88000K, reserved 1130496K
  class space    used 11861K, committed 12096K, reserved 1048576K
}
Event: 10.390 GC heap before
{Heap before GC invocations=34 (full 0):
 garbage-first heap   total 239616K, used 73938K [0x0000000080000000, 0x0000000100000000)
  region size 1024K, 13 young (13312K), 12 survivors (12288K)
 Metaspace       used 87563K, committed 88064K, reserved 1130496K
  class space    used 11881K, committed 12096K, reserved 1048576K
}
Event: 10.397 GC heap after
{Heap after GC invocations=35 (full 0):
 garbage-first heap   total 239616K, used 74173K [0x0000000080000000, 0x0000000100000000)
  region size 1024K, 2 young (2048K), 2 survivors (2048K)
 Metaspace       used 87563K, committed 88064K, reserved 1130496K
  class space    used 11881K, committed 12096K, reserved 1048576K
}

Dll operation events (2 events):
Event: 0.004 Loaded shared library C:\Program Files\Android\Android Studio\jbr\bin\java.dll
Event: 0.295 Loaded shared library C:\Program Files\Android\Android Studio\jbr\bin\verify.dll

Deoptimization events (20 events):
Event: 10.683 Thread 0x0000016a9fa894e0 Uncommon trap: trap_request=0xffffffc6 fr.pc=0x0000016a8fe6b724 relative=0x00000000000006a4
Event: 10.683 Thread 0x0000016a9fa894e0 Uncommon trap: reason=bimorphic_or_optimized_type_check action=maybe_recompile pc=0x0000016a8fe6b724 method=com.google.common.collect.ImmutableCollection$Builder.addAll(Ljava/lang/Iterable;)Lcom/google/common/collect/ImmutableCollection$Builder; @ 1 c2
Event: 10.683 Thread 0x0000016a9fa894e0 DEOPT PACKING pc=0x0000016a8fe6b724 sp=0x00000012856f9960
Event: 10.683 Thread 0x0000016a9fa894e0 DEOPT UNPACKING pc=0x0000016a8f4769a3 sp=0x00000012856f9930 mode 2
Event: 10.684 Thread 0x0000016a9fa894e0 Uncommon trap: trap_request=0xffffffc6 fr.pc=0x0000016a8fe6b724 relative=0x00000000000006a4
Event: 10.684 Thread 0x0000016a9fa894e0 Uncommon trap: reason=bimorphic_or_optimized_type_check action=maybe_recompile pc=0x0000016a8fe6b724 method=com.google.common.collect.ImmutableCollection$Builder.addAll(Ljava/lang/Iterable;)Lcom/google/common/collect/ImmutableCollection$Builder; @ 1 c2
Event: 10.684 Thread 0x0000016a9fa894e0 DEOPT PACKING pc=0x0000016a8fe6b724 sp=0x00000012856f9960
Event: 10.684 Thread 0x0000016a9fa894e0 DEOPT UNPACKING pc=0x0000016a8f4769a3 sp=0x00000012856f9930 mode 2
Event: 10.684 Thread 0x0000016a9fa894e0 Uncommon trap: trap_request=0xffffffc6 fr.pc=0x0000016a8fe6b724 relative=0x00000000000006a4
Event: 10.684 Thread 0x0000016a9fa894e0 Uncommon trap: reason=bimorphic_or_optimized_type_check action=maybe_recompile pc=0x0000016a8fe6b724 method=com.google.common.collect.ImmutableCollection$Builder.addAll(Ljava/lang/Iterable;)Lcom/google/common/collect/ImmutableCollection$Builder; @ 1 c2
Event: 10.684 Thread 0x0000016a9fa894e0 DEOPT PACKING pc=0x0000016a8fe6b724 sp=0x00000012856f9960
Event: 10.684 Thread 0x0000016a9fa894e0 DEOPT UNPACKING pc=0x0000016a8f4769a3 sp=0x00000012856f9930 mode 2
Event: 10.720 Thread 0x0000016a9fa894e0 DEOPT PACKING pc=0x0000016a88db9813 sp=0x00000012856f8d40
Event: 10.720 Thread 0x0000016a9fa894e0 DEOPT UNPACKING pc=0x0000016a8f477143 sp=0x00000012856f82e0 mode 0
Event: 10.829 Thread 0x0000016a9fa894e0 Uncommon trap: trap_request=0xfffffff4 fr.pc=0x0000016a8ff052e8 relative=0x00000000000000e8
Event: 10.829 Thread 0x0000016a9fa894e0 Uncommon trap: reason=null_check action=make_not_entrant pc=0x0000016a8ff052e8 method=org.gradle.internal.instantiation.generator.AbstractClassGenerator.isPropertyType(Ljava/lang/Class;)Z @ 3 c2
Event: 10.829 Thread 0x0000016a9fa894e0 DEOPT PACKING pc=0x0000016a8ff052e8 sp=0x00000012856f8a30
Event: 10.829 Thread 0x0000016a9fa894e0 DEOPT UNPACKING pc=0x0000016a8f4769a3 sp=0x00000012856f89c0 mode 2
Event: 10.829 Thread 0x0000016a9fa894e0 DEOPT PACKING pc=0x0000016a88db9c7d sp=0x00000012856f8ae0
Event: 10.829 Thread 0x0000016a9fa894e0 DEOPT UNPACKING pc=0x0000016a8f477143 sp=0x00000012856f8080 mode 0

Classes unloaded (0 events):
No events

Classes redefined (0 events):
No events

Internal exceptions (20 events):
Event: 9.376 Thread 0x0000016a9fa894e0 Exception <a 'java/lang/ClassNotFoundException'{0x000000008a0c1b38}: com/android/build/gradle/internal/api/ReadOnlyBaseConfigCustomizer> (0x000000008a0c1b38) 
thrown [s\src\hotspot\share\classfile\systemDictionary.cpp, line 256]
Event: 9.377 Thread 0x0000016a9fa894e0 Exception <a 'java/lang/ClassNotFoundException'{0x000000008a0df498}: com/android/build/gradle/internal/api/ReadOnlyBuildTypeCustomizer> (0x000000008a0df498) 
thrown [s\src\hotspot\share\classfile\systemDictionary.cpp, line 256]
Event: 9.417 Thread 0x0000016a9fa894e0 Exception <a 'java/lang/NoSuchMethodError'{0x0000000089e857c0}: 'void java.lang.invoke.DirectMethodHandle$Holder.invokeStatic(java.lang.Object, java.lang.Object, java.lang.Object, java.lang.Object, java.lang.Object, java.lang.Object, java.lang.Object, java.lang.Object)'> (0x0000000089e857c0) 
thrown [s\src\hotspot\share\interpreter\linkResolver.cpp, line 771]
Event: 9.794 Thread 0x0000016a9fa894e0 Implicit null exception at 0x0000016a8fe18ce6 to 0x0000016a8fe19594
Event: 9.794 Thread 0x0000016a9fa894e0 Implicit null exception at 0x0000016a8fe03f5b to 0x0000016a8fe03fe4
Event: 9.794 Thread 0x0000016a9fa894e0 Implicit null exception at 0x0000016a8fe18ce6 to 0x0000016a8fe19594
Event: 9.795 Thread 0x0000016a9fa894e0 Implicit null exception at 0x0000016a8fe18ce6 to 0x0000016a8fe19594
Event: 9.795 Thread 0x0000016a9fa894e0 Implicit null exception at 0x0000016a8fe18ce6 to 0x0000016a8fe19594
Event: 9.825 Thread 0x0000016a9fa894e0 Implicit null exception at 0x0000016a8fc8b192 to 0x0000016a8fc8b880
Event: 9.847 Thread 0x0000016a9fa894e0 Exception <a 'java/lang/NoSuchMethodError'{0x00000000888f2e28}: 'java.lang.Object java.lang.invoke.DirectMethodHandle$Holder.invokeStatic(java.lang.Object, int, java.lang.Object)'> (0x00000000888f2e28) 
thrown [s\src\hotspot\share\interpreter\linkResolver.cpp, line 771]
Event: 10.109 Thread 0x0000016a9fa894e0 Exception <a 'sun/nio/fs/WindowsException'{0x0000000087516788}> (0x0000000087516788) 
thrown [s\src\hotspot\share\prims\jni.cpp, line 517]
Event: 10.198 Thread 0x0000016a9fa894e0 Exception <a 'java/lang/NullPointerException'{0x0000000086e40a60}> (0x0000000086e40a60) 
thrown [s\src\hotspot\share\interpreter\linkResolver.cpp, line 1447]
Event: 10.265 Thread 0x0000016a9fa894e0 Implicit null exception at 0x0000016a8fd3adac to 0x0000016a8fd3cfcc
Event: 10.300 Thread 0x0000016a9fa894e0 Implicit null exception at 0x0000016a8fd4549b to 0x0000016a8fd47640
Event: 10.459 Thread 0x0000016a9fa894e0 Exception <a 'sun/nio/fs/WindowsException'{0x000000009256e400}> (0x000000009256e400) 
thrown [s\src\hotspot\share\prims\jni.cpp, line 517]
Event: 10.460 Thread 0x0000016a9fa894e0 Exception <a 'sun/nio/fs/WindowsException'{0x000000009256f790}> (0x000000009256f790) 
thrown [s\src\hotspot\share\prims\jni.cpp, line 517]
Event: 10.460 Thread 0x0000016a9fa894e0 Exception <a 'sun/nio/fs/WindowsException'{0x0000000092570b58}> (0x0000000092570b58) 
thrown [s\src\hotspot\share\prims\jni.cpp, line 517]
Event: 10.460 Thread 0x0000016a9fa894e0 Exception <a 'sun/nio/fs/WindowsException'{0x0000000092571f20}> (0x0000000092571f20) 
thrown [s\src\hotspot\share\prims\jni.cpp, line 517]
Event: 10.565 Thread 0x0000016a9fa894e0 Exception <a 'java/lang/NoSuchMethodError'{0x000000008def7a18}: 'java.lang.Object java.lang.invoke.DirectMethodHandle$Holder.newInvokeSpecial(java.lang.Object, java.lang.Object, int)'> (0x000000008def7a18) 
thrown [s\src\hotspot\share\interpreter\linkResolver.cpp, line 771]
Event: 10.829 Thread 0x0000016a9fa894e0 Implicit null exception at 0x0000016a8ff05210 to 0x0000016a8ff052d8

VM Operations (20 events):
Event: 9.727 Executing VM operation: HandshakeAllThreads
Event: 9.727 Executing VM operation: HandshakeAllThreads done
Event: 9.748 Executing VM operation: ICBufferFull
Event: 9.748 Executing VM operation: ICBufferFull done
Event: 9.821 Executing VM operation: HandshakeAllThreads
Event: 9.821 Executing VM operation: HandshakeAllThreads done
Event: 9.994 Executing VM operation: ICBufferFull
Event: 9.994 Executing VM operation: ICBufferFull done
Event: 10.368 Executing VM operation: G1CollectForAllocation
Event: 10.379 Executing VM operation: G1CollectForAllocation done
Event: 10.390 Executing VM operation: G1CollectForAllocation
Event: 10.397 Executing VM operation: G1CollectForAllocation done
Event: 10.426 Executing VM operation: HandshakeAllThreads
Event: 10.427 Executing VM operation: HandshakeAllThreads done
Event: 10.475 Executing VM operation: HandshakeAllThreads
Event: 10.475 Executing VM operation: HandshakeAllThreads done
Event: 10.714 Executing VM operation: ICBufferFull
Event: 10.715 Executing VM operation: ICBufferFull done
Event: 10.815 Executing VM operation: HandshakeAllThreads
Event: 10.815 Executing VM operation: HandshakeAllThreads done

Events (20 events):
Event: 10.454 loading class javax/xml/datatype/DatatypeConfigurationException
Event: 10.454 loading class javax/xml/datatype/DatatypeConfigurationException done
Event: 10.455 loading class jdk/internal/reflect/UnsafeIntegerFieldAccessorImpl
Event: 10.456 loading class jdk/internal/reflect/UnsafeIntegerFieldAccessorImpl done
Event: 10.457 loading class com/sun/org/apache/xerces/internal/impl/io/MalformedByteSequenceException
Event: 10.457 loading class java/io/CharConversionException
Event: 10.457 loading class java/io/CharConversionException done
Event: 10.457 loading class com/sun/org/apache/xerces/internal/impl/io/MalformedByteSequenceException done
Event: 10.460 loading class java/util/EnumMap$EntrySet
Event: 10.460 loading class java/util/EnumMap$EntrySet done
Event: 10.460 loading class java/util/EnumMap$EntryIterator
Event: 10.460 loading class java/util/EnumMap$EnumMapIterator
Event: 10.460 loading class java/util/EnumMap$EnumMapIterator done
Event: 10.460 loading class java/util/EnumMap$EntryIterator done
Event: 10.460 loading class java/util/EnumMap$EntryIterator$Entry
Event: 10.460 loading class java/util/EnumMap$EntryIterator$Entry done
Event: 10.470 loading class jdk/internal/reflect/UnsafeBooleanFieldAccessorImpl
Event: 10.471 loading class jdk/internal/reflect/UnsafeBooleanFieldAccessorImpl done
Event: 10.542 loading class jdk/internal/access/foreign/MemorySegmentProxy
Event: 10.542 loading class jdk/internal/access/foreign/MemorySegmentProxy done


Dynamic libraries:
0x00007ff759c80000 - 0x00007ff759c8a000 	C:\Program Files\Android\Android Studio\jbr\bin\java.exe
0x00007ffdc9d80000 - 0x00007ffdc9f89000 	C:\Windows\SYSTEM32\ntdll.dll
0x00007ffdc98d0000 - 0x00007ffdc998d000 	C:\Windows\System32\KERNEL32.DLL
0x00007ffdc7410000 - 0x00007ffdc7789000 	C:\Windows\System32\KERNELBASE.dll
0x00007ffdc72f0000 - 0x00007ffdc7401000 	C:\Windows\System32\ucrtbase.dll
0x00007ffdb7df0000 - 0x00007ffdb7e07000 	C:\Program Files\Android\Android Studio\jbr\bin\jli.dll
0x00007ffdc91b0000 - 0x00007ffdc935c000 	C:\Windows\System32\USER32.dll
0x00007ffdc7ac0000 - 0x00007ffdc7ae6000 	C:\Windows\System32\win32u.dll
0x00007ffdaebb0000 - 0x00007ffdaee55000 	C:\Windows\WinSxS\amd64_microsoft.windows.common-controls_6595b64144ccf1df_6.0.22000.120_none_9d947278b86cc467\COMCTL32.dll
0x00007ffdc8540000 - 0x00007ffdc8569000 	C:\Windows\System32\GDI32.dll
0x00007ffdc7f30000 - 0x00007ffdc7fd3000 	C:\Windows\System32\msvcrt.dll
0x00007ffdc79a0000 - 0x00007ffdc7ab2000 	C:\Windows\System32\gdi32full.dll
0x00007ffdc7900000 - 0x00007ffdc799d000 	C:\Windows\System32\msvcp_win.dll
0x00007ffdb3f40000 - 0x00007ffdb3f5b000 	C:\Program Files\Android\Android Studio\jbr\bin\VCRUNTIME140.dll
0x00007ffdc9740000 - 0x00007ffdc9771000 	C:\Windows\System32\IMM32.DLL
0x00007ffdb7d10000 - 0x00007ffdb7d1c000 	C:\Program Files\Android\Android Studio\jbr\bin\vcruntime140_1.dll
0x00007ffda2f80000 - 0x00007ffda300d000 	C:\Program Files\Android\Android Studio\jbr\bin\msvcp140.dll
0x00007ffd7dec0000 - 0x00007ffd7eb2e000 	C:\Program Files\Android\Android Studio\jbr\bin\server\jvm.dll
0x00007ffdc99f0000 - 0x00007ffdc9a9e000 	C:\Windows\System32\ADVAPI32.dll
0x00007ffdc9550000 - 0x00007ffdc95ee000 	C:\Windows\System32\sechost.dll
0x00007ffdc7cf0000 - 0x00007ffdc7e10000 	C:\Windows\System32\RPCRT4.dll
0x00007ffdbcd30000 - 0x00007ffdbcd63000 	C:\Windows\SYSTEM32\WINMM.dll
0x00007ffdb9000000 - 0x00007ffdb9009000 	C:\Windows\SYSTEM32\WSOCK32.dll
0x00007ffdc04b0000 - 0x00007ffdc04ba000 	C:\Windows\SYSTEM32\VERSION.dll
0x00007ffdc96d0000 - 0x00007ffdc973f000 	C:\Windows\System32\WS2_32.dll
0x00007ffdc5aa0000 - 0x00007ffdc5ab8000 	C:\Windows\SYSTEM32\kernel.appcore.dll
0x00007ffdb8fe0000 - 0x00007ffdb8fea000 	C:\Program Files\Android\Android Studio\jbr\bin\jimage.dll
0x00007ffdc6bc0000 - 0x00007ffdc6de1000 	C:\Windows\SYSTEM32\DBGHELP.DLL
0x00007ffdb5010000 - 0x00007ffdb5041000 	C:\Windows\SYSTEM32\dbgcore.DLL
0x00007ffdc7270000 - 0x00007ffdc72ef000 	C:\Windows\System32\bcryptPrimitives.dll
0x00007ffdb8d50000 - 0x00007ffdb8d75000 	C:\Program Files\Android\Android Studio\jbr\bin\java.dll
0x00007ffdb8c60000 - 0x00007ffdb8c78000 	C:\Program Files\Android\Android Studio\jbr\bin\zip.dll
0x00007ffdc8580000 - 0x00007ffdc8d2f000 	C:\Windows\System32\SHELL32.dll
0x00007ffdc49b0000 - 0x00007ffdc5218000 	C:\Windows\SYSTEM32\windows.storage.dll
0x00007ffdc7fe0000 - 0x00007ffdc8358000 	C:\Windows\System32\combase.dll
0x00007ffdc4840000 - 0x00007ffdc49a6000 	C:\Windows\SYSTEM32\wintypes.dll
0x00007ffdc9c50000 - 0x00007ffdc9d3a000 	C:\Windows\System32\SHCORE.dll
0x00007ffdc9780000 - 0x00007ffdc97dd000 	C:\Windows\System32\shlwapi.dll
0x00007ffdc71a0000 - 0x00007ffdc71c1000 	C:\Windows\SYSTEM32\profapi.dll
0x00007ffdb8c20000 - 0x00007ffdb8c39000 	C:\Program Files\Android\Android Studio\jbr\bin\net.dll
0x00007ffdc0fa0000 - 0x00007ffdc10ac000 	C:\Windows\SYSTEM32\WINHTTP.dll
0x00007ffdc5ec0000 - 0x00007ffdc5f27000 	C:\Windows\system32\mswsock.dll
0x00007ffdb8200000 - 0x00007ffdb8216000 	C:\Program Files\Android\Android Studio\jbr\bin\nio.dll
0x00007ffdb8bf0000 - 0x00007ffdb8c00000 	C:\Program Files\Android\Android Studio\jbr\bin\verify.dll
0x00007ffdb4610000 - 0x00007ffdb4637000 	C:\Users\kuzne\.gradle\native\e1d6ef7f7dcc3fd88c89a11ec53ec762bb8ba0a96d01ffa2cd45eb1d1d8dd5c5\windows-amd64\native-platform.dll
0x00007ffda2e30000 - 0x00007ffda2f74000 	C:\Users\kuzne\.gradle\native\0d407fdbe67a94daf76414ababcb853783967236a71b16ec16e742cd7a986fd3\windows-amd64\native-platform-file-events.dll
0x00007ffdb81f0000 - 0x00007ffdb81f9000 	C:\Program Files\Android\Android Studio\jbr\bin\management.dll
0x00007ffdb81e0000 - 0x00007ffdb81eb000 	C:\Program Files\Android\Android Studio\jbr\bin\management_ext.dll
0x00007ffdc8570000 - 0x00007ffdc8578000 	C:\Windows\System32\PSAPI.DLL
0x00007ffdc6f20000 - 0x00007ffdc6f38000 	C:\Windows\SYSTEM32\CRYPTSP.dll
0x00007ffdc5f60000 - 0x00007ffdc5f95000 	C:\Windows\system32\rsaenh.dll
0x00007ffdc5fa0000 - 0x00007ffdc5fc9000 	C:\Windows\SYSTEM32\USERENV.dll
0x00007ffdc6b50000 - 0x00007ffdc6b77000 	C:\Windows\SYSTEM32\bcrypt.dll
0x00007ffdc6390000 - 0x00007ffdc639c000 	C:\Windows\SYSTEM32\CRYPTBASE.dll
0x00007ffdc5610000 - 0x00007ffdc563d000 	C:\Windows\SYSTEM32\IPHLPAPI.DLL
0x00007ffdc93f0000 - 0x00007ffdc93f9000 	C:\Windows\System32\NSI.dll
0x00007ffdc0de0000 - 0x00007ffdc0df9000 	C:\Windows\SYSTEM32\dhcpcsvc6.DLL
0x00007ffdc1e10000 - 0x00007ffdc1e2e000 	C:\Windows\SYSTEM32\dhcpcsvc.DLL
0x00007ffdc5680000 - 0x00007ffdc5768000 	C:\Windows\SYSTEM32\DNSAPI.dll
0x00007ffdb80e0000 - 0x00007ffdb80e8000 	C:\Windows\system32\wshunix.dll
0x00007ffdba6f0000 - 0x00007ffdba6fa000 	C:\Windows\System32\rasadhlp.dll
0x00007ffdbe6e0000 - 0x00007ffdbe761000 	C:\Windows\System32\fwpuclnt.dll

dbghelp: loaded successfully - version: 4.0.5 - missing functions: none
symbol engine: initialized successfully - sym options: 0x614 - pdb path: .;C:\Program Files\Android\Android Studio\jbr\bin;C:\Windows\SYSTEM32;C:\Windows\WinSxS\amd64_microsoft.windows.common-controls_6595b64144ccf1df_6.0.22000.120_none_9d947278b86cc467;C:\Program Files\Android\Android Studio\jbr\bin\server;C:\Users\kuzne\.gradle\native\e1d6ef7f7dcc3fd88c89a11ec53ec762bb8ba0a96d01ffa2cd45eb1d1d8dd5c5\windows-amd64;C:\Users\kuzne\.gradle\native\0d407fdbe67a94daf76414ababcb853783967236a71b16ec16e742cd7a986fd3\windows-amd64

VM Arguments:
jvm_args: --add-opens=java.base/java.util=ALL-UNNAMED --add-opens=java.base/java.lang=ALL-UNNAMED --add-opens=java.base/java.lang.invoke=ALL-UNNAMED --add-opens=java.base/java.util=ALL-UNNAMED --add-opens=java.prefs/java.util.prefs=ALL-UNNAMED --add-opens=java.prefs/java.util.prefs=ALL-UNNAMED --add-opens=java.base/java.nio.charset=ALL-UNNAMED --add-opens=java.base/java.net=ALL-UNNAMED --add-opens=java.base/java.util.concurrent.atomic=ALL-UNNAMED -Xmx2048m -Dfile.encoding=UTF-8 -Duser.country=RU -Duser.language=ru -Duser.variant 
java_command: org.gradle.launcher.daemon.bootstrap.GradleDaemon 7.5
java_class_path (initial): C:\Users\kuzne\.gradle\wrapper\dists\gradle-7.5-bin\f1w0cc9nuo0eivz97x2xlu9sv\gradle-7.5\lib\gradle-launcher-7.5.jar
Launcher Type: SUN_STANDARD

[Global flags]
     intx CICompilerCount                          = 4                                         {product} {ergonomic}
     uint ConcGCThreads                            = 2                                         {product} {ergonomic}
     uint G1ConcRefinementThreads                  = 8                                         {product} {ergonomic}
   size_t G1HeapRegionSize                         = 1048576                                   {product} {ergonomic}
    uintx GCDrainStackTargetSize                   = 64                                        {product} {ergonomic}
   size_t InitialHeapSize                          = 268435456                                 {product} {ergonomic}
   size_t MarkStackSize                            = 4194304                                   {product} {ergonomic}
   size_t MaxHeapSize                              = 2147483648                                {product} {command line}
   size_t MaxNewSize                               = 1287651328                                {product} {ergonomic}
   size_t MinHeapDeltaBytes                        = 1048576                                   {product} {ergonomic}
   size_t MinHeapSize                              = 8388608                                   {product} {ergonomic}
    uintx NonNMethodCodeHeapSize                   = 5839372                                {pd product} {ergonomic}
    uintx NonProfiledCodeHeapSize                  = 122909434                              {pd product} {ergonomic}
    uintx ProfiledCodeHeapSize                     = 122909434                              {pd product} {ergonomic}
    uintx ReservedCodeCacheSize                    = 251658240                              {pd product} {ergonomic}
     bool SegmentedCodeCache                       = true                                      {product} {ergonomic}
   size_t SoftMaxHeapSize                          = 2147483648                             {manageable} {ergonomic}
     bool UseCompressedClassPointers               = true                           {product lp64_product} {ergonomic}
     bool UseCompressedOops                        = true                           {product lp64_product} {ergonomic}
     bool UseG1GC                                  = true                                      {product} {ergonomic}
     bool UseLargePagesIndividualAllocation        = false                                  {pd product} {ergonomic}

Logging:
Log output configuration:
 #0: stdout all=warning uptime,level,tags
 #1: stderr all=off uptime,level,tags

Environment Variables:
PATH=C:\Windows\system32;C:\Windows;C:\Windows\System32\Wbem;C:\Windows\System32\WindowsPowerShell\v1.0\;C:\Windows\System32\OpenSSH\;C:\Program Files\Git\cmd;C:\Program Files\PuTTY\;C:\Users\kuzne\AppData\Local\Microsoft\WindowsApps;C:\Users\kuzne\AppData\Local\GitHubDesktop\bin;C:\Users\kuzne\AppData\Local\Programs\Microsoft VS Code\bin
USERNAME=kuzne
OS=Windows_NT
PROCESSOR_IDENTIFIER=AMD64 Family 23 Model 1 Stepping 1, AuthenticAMD
TMP=C:\Users\kuzne\AppData\Local\Temp
TEMP=C:\Users\kuzne\AppData\Local\Temp


JNI global refs:
JNI global refs: 29, weak refs: 4

JNI global refs memory usage: 843, weak refs: 841


---------------  S Y S T E M  ---------------

OS:
 Windows 11 , 64 bit Build 22000 (10.0.22000.613)
OS uptime: 2 days 22:39 hours
Hyper-V role detected

CPU: total 8 (initial active 8) (8 cores per cpu, 2 threads per core) family 23 model 1 stepping 1 microcode 0x0, cx8, cmov, fxsr, ht, mmx, 3dnowpref, sse, sse2, sse3, ssse3, sse4a, sse4.1, sse4.2, popcnt, lzcnt, tsc, tscinvbit, avx, avx2, aes, clmul, bmi1, bmi2, adx, sha, fma, vzeroupper, clflush, clflushopt, hv

Memory: 4k page, system-wide physical 16317M (8562M free)
TotalPageFile size 17341M (AvailPageFile size 7200M)
current process WorkingSet (physical memory assigned to process): 484M, peak: 490M
current process commit charge ("private bytes"): 517M, peak: 561M

vm_info: OpenJDK 64-Bit Server VM (17.0.6+0-b2043.56-10027231) for windows-amd64 JRE (17.0.6+0-b2043.56-10027231), built on Apr 28 2023 00:43:19 by "androidbuild" with MS VC++ 16.10 / 16.11 (VS2019)

END.
